{
"contracts/CompoundHandler/CompoundHandler.sol":{"l":{"23":2,"24":2,"25":2,"29":2,"34":8,"35":8,"36":8,"37":8,"40":0,"45":2,"46":0,"48":2,"49":2,"50":2,"54":0,"55":0,"56":0,"57":0,"59":0,"61":0,"65":4,"66":4,"67":4,"68":4,"69":4,"70":4,"74":4,"75":4,"76":2,"78":4,"82":116,"83":116,"87":168,"91":32,"92":32,"93":32,"94":32,"95":0,"97":32,"98":32,"99":32,"104":4,"108":0,"112":0},"path":"/Users/will/Work/dForce/dip001/contracts/CompoundHandler/CompoundHandler.sol","s":{"1":2,"2":2,"3":2,"4":2,"5":8,"6":8,"7":8,"8":8,"9":0,"10":2,"11":0,"12":2,"13":2,"14":2,"15":0,"16":0,"17":0,"18":0,"19":0,"20":0,"21":4,"22":4,"23":4,"24":4,"25":4,"26":4,"27":4,"28":4,"29":2,"30":4,"31":116,"32":116,"33":168,"34":32,"35":32,"36":32,"37":32,"38":0,"39":32,"40":32,"41":32,"42":4,"43":0,"44":0},"b":{"1":[8,0],"2":[8,0],"3":[0,2],"4":[0,0],"5":[0,0],"6":[4,0],"7":[4,0],"8":[2,2],"9":[0,32]},"f":{"1":2,"2":2,"3":8,"4":2,"5":0,"6":4,"7":116,"8":168,"9":32,"10":4,"11":0,"12":0},"fnMap":{"1":{"name":"constructor","line":22,"loc":{"start":{"line":22,"column":1},"end":{"line":22,"column":58}}},"2":{"name":"setDispatcher","line":28,"loc":{"start":{"line":28,"column":1},"end":{"line":28,"column":60}}},"3":{"name":"deposit","line":33,"loc":{"start":{"line":33,"column":1},"end":{"line":33,"column":68}}},"4":{"name":"withdraw","line":44,"loc":{"start":{"line":44,"column":1},"end":{"line":44,"column":69}}},"5":{"name":"withdrawProfit","line":53,"loc":{"start":{"line":53,"column":1},"end":{"line":53,"column":59}}},"6":{"name":"drainFunds","line":64,"loc":{"start":{"line":64,"column":1},"end":{"line":64,"column":55}}},"7":{"name":"getBalance","line":81,"loc":{"start":{"line":81,"column":1},"end":{"line":81,"column":53}}},"8":{"name":"getPrinciple","line":86,"loc":{"start":{"line":86,"column":1},"end":{"line":86,"column":55}}},"9":{"name":"getProfit","line":90,"loc":{"start":{"line":90,"column":1},"end":{"line":90,"column":52}}},"10":{"name":"getTargetAddress","line":103,"loc":{"start":{"line":103,"column":1},"end":{"line":103,"column":59}}},"11":{"name":"getToken","line":107,"loc":{"start":{"line":107,"column":1},"end":{"line":107,"column":53}}},"12":{"name":"getDispatcher","line":111,"loc":{"start":{"line":111,"column":1},"end":{"line":111,"column":58}}}},"statementMap":{"1":{"start":{"line":23,"column":2},"end":{"line":23,"column":25}},"2":{"start":{"line":24,"column":2},"end":{"line":24,"column":15}},"3":{"start":{"line":25,"column":2},"end":{"line":25,"column":48}},"4":{"start":{"line":29,"column":2},"end":{"line":29,"column":25}},"5":{"start":{"line":34,"column":2},"end":{"line":34,"column":909}},"6":{"start":{"line":35,"column":3},"end":{"line":35,"column":971}},"7":{"start":{"line":36,"column":4},"end":{"line":36,"column":39}},"8":{"start":{"line":37,"column":4},"end":{"line":37,"column":12}},"9":{"start":{"line":40,"column":2},"end":{"line":40,"column":10}},"10":{"start":{"line":45,"column":2},"end":{"line":45,"column":1214}},"11":{"start":{"line":46,"column":3},"end":{"line":46,"column":11}},"12":{"start":{"line":48,"column":2},"end":{"line":48,"column":68}},"13":{"start":{"line":49,"column":2},"end":{"line":49,"column":37}},"14":{"start":{"line":50,"column":2},"end":{"line":50,"column":10}},"15":{"start":{"line":54,"column":2},"end":{"line":54,"column":31}},"16":{"start":{"line":55,"column":2},"end":{"line":55,"column":1528}},"17":{"start":{"line":56,"column":3},"end":{"line":56,"column":1552}},"18":{"start":{"line":57,"column":4},"end":{"line":57,"column":12}},"19":{"start":{"line":59,"column":3},"end":{"line":59,"column":81}},"20":{"start":{"line":61,"column":2},"end":{"line":61,"column":10}},"21":{"start":{"line":65,"column":2},"end":{"line":65,"column":31}},"22":{"start":{"line":66,"column":2},"end":{"line":66,"column":1823}},"23":{"start":{"line":67,"column":3},"end":{"line":67,"column":45}},"24":{"start":{"line":68,"column":3},"end":{"line":68,"column":1892}},"25":{"start":{"line":69,"column":4},"end":{"line":69,"column":71}},"26":{"start":{"line":70,"column":4},"end":{"line":70,"column":16}},"27":{"start":{"line":74,"column":2},"end":{"line":74,"column":57}},"28":{"start":{"line":75,"column":2},"end":{"line":75,"column":2077}},"29":{"start":{"line":76,"column":3},"end":{"line":76,"column":80}},"30":{"start":{"line":78,"column":2},"end":{"line":78,"column":10}},"31":{"start":{"line":82,"column":5},"end":{"line":82,"column":119}},"32":{"start":{"line":83,"column":5},"end":{"line":83,"column":39}},"33":{"start":{"line":87,"column":2},"end":{"line":87,"column":18}},"34":{"start":{"line":91,"column":5},"end":{"line":91,"column":36}},"35":{"start":{"line":92,"column":5},"end":{"line":92,"column":40}},"36":{"start":{"line":93,"column":5},"end":{"line":93,"column":61}},"37":{"start":{"line":94,"column":5},"end":{"line":94,"column":2706}},"38":{"start":{"line":95,"column":9},"end":{"line":95,"column":17}},"39":{"start":{"line":97,"column":6},"end":{"line":97,"column":50}},"40":{"start":{"line":98,"column":6},"end":{"line":98,"column":40}},"41":{"start":{"line":99,"column":9},"end":{"line":99,"column":24}},"42":{"start":{"line":104,"column":2},"end":{"line":104,"column":19}},"43":{"start":{"line":108,"column":2},"end":{"line":108,"column":14}},"44":{"start":{"line":112,"column":2},"end":{"line":112,"column":19}}},"branchMap":{"1":{"line":34,"type":"if","locations":[{"start":{"line":34,"column":2},"end":{"line":34,"column":2}},{"start":{"line":34,"column":2},"end":{"line":34,"column":2}}]},"2":{"line":35,"type":"if","locations":[{"start":{"line":35,"column":3},"end":{"line":35,"column":3}},{"start":{"line":35,"column":3},"end":{"line":35,"column":3}}]},"3":{"line":45,"type":"if","locations":[{"start":{"line":45,"column":2},"end":{"line":45,"column":2}},{"start":{"line":45,"column":2},"end":{"line":45,"column":2}}]},"4":{"line":55,"type":"if","locations":[{"start":{"line":55,"column":2},"end":{"line":55,"column":2}},{"start":{"line":55,"column":2},"end":{"line":55,"column":2}}]},"5":{"line":56,"type":"if","locations":[{"start":{"line":56,"column":3},"end":{"line":56,"column":3}},{"start":{"line":56,"column":3},"end":{"line":56,"column":3}}]},"6":{"line":66,"type":"if","locations":[{"start":{"line":66,"column":2},"end":{"line":66,"column":2}},{"start":{"line":66,"column":2},"end":{"line":66,"column":2}}]},"7":{"line":68,"type":"if","locations":[{"start":{"line":68,"column":3},"end":{"line":68,"column":3}},{"start":{"line":68,"column":3},"end":{"line":68,"column":3}}]},"8":{"line":75,"type":"if","locations":[{"start":{"line":75,"column":2},"end":{"line":75,"column":2}},{"start":{"line":75,"column":2},"end":{"line":75,"column":2}}]},"9":{"line":94,"type":"if","locations":[{"start":{"line":94,"column":5},"end":{"line":94,"column":5}},{"start":{"line":94,"column":5},"end":{"line":94,"column":5}}]}}},
"contracts/Dispatcher.sol":{"l":{"14":451,"17":28,"20":28,"42":2,"43":2,"44":2,"45":2,"46":2,"47":2,"48":2,"49":2,"51":2,"52":2,"53":2,"55":2,"58":2,"59":2,"63":16,"64":16,"65":16,"66":16,"67":16,"68":16,"69":10,"70":10,"71":10,"72":10,"75":4,"76":4,"77":4,"78":4,"81":16,"85":10,"86":10,"87":10,"88":10,"89":10,"90":10,"91":10,"92":10,"93":22,"94":22,"95":22,"96":22,"97":22,"98":22,"99":6,"101":16,"102":16,"103":8,"104":8,"106":8,"108":16,"109":14,"110":14,"117":4,"118":4,"119":4,"120":4,"121":4,"122":4,"123":4,"124":4,"125":6,"126":6,"127":6,"128":6,"129":6,"130":0,"132":6,"133":6,"134":0,"135":0,"137":6,"139":6,"145":6,"146":2,"147":2,"148":2,"149":2,"150":2,"152":2,"156":6,"157":6,"158":6,"159":6,"164":112,"168":48,"169":48,"170":48,"171":2,"173":46,"178":126,"179":126,"180":240,"185":72,"186":72,"187":135,"192":24,"196":327,"200":180,"204":45,"208":0,"209":0,"213":12,"217":0,"221":3,"225":48,"229":48,"233":140,"237":0,"238":0,"239":0,"240":0,"241":0,"242":0,"244":0,"248":0,"252":0,"256":0,"260":48,"261":48,"262":48,"263":48,"264":48,"266":48,"267":90,"268":90,"269":90,"270":90,"272":48,"277":8,"278":8,"279":8,"280":8,"281":8,"282":16,"284":8,"285":8,"286":16,"287":16,"288":16,"290":8,"294":14,"295":14,"296":14,"297":14,"298":14,"299":6,"300":6,"301":6,"305":6,"306":6,"307":6,"308":8,"309":8,"311":6,"312":6,"316":2,"317":2,"318":2,"322":2,"323":2,"324":2,"328":0,"329":0,"333":4,"334":4},"path":"/Users/will/Work/dForce/dip001/contracts/Dispatcher.sol","s":{"1":451,"2":28,"3":28,"4":2,"5":2,"6":2,"7":2,"8":2,"9":2,"10":2,"11":2,"12":2,"13":2,"14":2,"15":2,"16":2,"17":2,"18":16,"19":16,"20":16,"21":16,"22":16,"23":16,"24":10,"25":10,"26":10,"27":10,"28":6,"29":4,"30":4,"31":4,"32":4,"33":16,"34":10,"35":10,"36":10,"37":10,"38":10,"39":10,"40":10,"41":10,"42":22,"43":22,"44":22,"45":22,"46":22,"47":22,"48":16,"49":16,"50":8,"51":8,"52":8,"53":16,"54":14,"55":14,"56":4,"57":4,"58":4,"59":4,"60":4,"61":4,"62":4,"63":4,"64":6,"65":6,"66":6,"67":6,"68":6,"69":6,"70":6,"71":0,"72":0,"73":6,"74":6,"75":6,"76":2,"77":2,"78":2,"79":2,"80":2,"81":2,"82":6,"83":6,"84":6,"85":6,"86":112,"87":48,"88":48,"89":48,"90":2,"91":46,"92":126,"93":126,"94":240,"95":72,"96":72,"97":135,"98":24,"99":327,"100":180,"101":45,"102":0,"103":0,"104":12,"105":0,"106":3,"107":48,"108":48,"109":140,"110":0,"111":0,"112":0,"113":0,"114":0,"115":0,"116":0,"117":0,"118":0,"119":0,"120":48,"121":48,"122":48,"123":48,"124":48,"125":48,"126":90,"127":90,"128":90,"129":90,"130":48,"131":8,"132":8,"133":8,"134":8,"135":8,"136":16,"137":8,"138":8,"139":16,"140":16,"141":16,"142":8,"143":14,"144":14,"145":14,"146":14,"147":14,"148":6,"149":6,"150":6,"151":6,"152":6,"153":8,"154":8,"155":6,"156":6,"157":2,"158":2,"159":2,"160":2,"161":2,"162":2,"163":0,"164":0,"165":4,"166":4},"b":{"1":[451,0],"2":[28,0],"3":[28,0],"4":[2,0],"5":[2,0],"6":[10,6],"7":[10,0],"8":[4,2],"9":[4,0],"10":[6,16],"11":[8,8],"12":[14,2],"13":[0,6],"14":[0,6],"15":[2,4],"16":[6,0],"17":[2,46],"18":[8,0],"19":[8,0],"20":[14,0],"21":[14,0],"22":[14,0],"23":[6,8],"24":[8,0],"25":[2,0],"26":[2,0]},"f":{"1":451,"2":28,"3":28,"4":2,"5":16,"6":10,"7":4,"8":6,"9":6,"10":112,"11":48,"12":126,"13":72,"14":24,"15":327,"16":180,"17":45,"18":0,"19":12,"20":0,"21":3,"22":48,"23":48,"24":140,"25":0,"26":0,"27":0,"28":0,"29":48,"30":8,"31":14,"32":6,"33":2,"34":2,"35":0,"36":4},"fnMap":{"1":{"name":"add","line":13,"loc":{"start":{"line":13,"column":4},"end":{"line":13,"column":61}}},"2":{"name":"sub","line":16,"loc":{"start":{"line":16,"column":4},"end":{"line":16,"column":61}}},"3":{"name":"mul","line":19,"loc":{"start":{"line":19,"column":4},"end":{"line":19,"column":61}}},"4":{"name":"constructor","line":41,"loc":{"start":{"line":41,"column":1},"end":{"line":41,"column":141}}},"5":{"name":"trigger","line":62,"loc":{"start":{"line":62,"column":1},"end":{"line":62,"column":45}}},"6":{"name":"internalDeposit","line":84,"loc":{"start":{"line":84,"column":1},"end":{"line":84,"column":53}}},"7":{"name":"withdrawPrinciple","line":116,"loc":{"start":{"line":116,"column":1},"end":{"line":116,"column":55}}},"8":{"name":"withdrawProfit","line":144,"loc":{"start":{"line":144,"column":1},"end":{"line":144,"column":57}}},"9":{"name":"drainFunds","line":155,"loc":{"start":{"line":155,"column":1},"end":{"line":155,"column":67}}},"10":{"name":"getReserve","line":163,"loc":{"start":{"line":163,"column":1},"end":{"line":163,"column":53}}},"11":{"name":"getReserveRatio","line":167,"loc":{"start":{"line":167,"column":1},"end":{"line":167,"column":58}}},"12":{"name":"getPrinciple","line":177,"loc":{"start":{"line":177,"column":1},"end":{"line":177,"column":62}}},"13":{"name":"getBalance","line":184,"loc":{"start":{"line":184,"column":1},"end":{"line":184,"column":60}}},"14":{"name":"getProfit","line":191,"loc":{"start":{"line":191,"column":1},"end":{"line":191,"column":52}}},"15":{"name":"getTHPrinciple","line":195,"loc":{"start":{"line":195,"column":1},"end":{"line":195,"column":71}}},"16":{"name":"getTHBalance","line":199,"loc":{"start":{"line":199,"column":1},"end":{"line":199,"column":69}}},"17":{"name":"getTHProfit","line":203,"loc":{"start":{"line":203,"column":1},"end":{"line":203,"column":68}}},"18":{"name":"getTHData","line":207,"loc":{"start":{"line":207,"column":1},"end":{"line":207,"column":95}}},"19":{"name":"getFund","line":212,"loc":{"start":{"line":212,"column":1},"end":{"line":212,"column":52}}},"20":{"name":"getToken","line":216,"loc":{"start":{"line":216,"column":1},"end":{"line":216,"column":53}}},"21":{"name":"getProfitBeneficiary","line":220,"loc":{"start":{"line":220,"column":1},"end":{"line":220,"column":65}}},"22":{"name":"getReserveUpperLimit","line":224,"loc":{"start":{"line":224,"column":1},"end":{"line":224,"column":65}}},"23":{"name":"getReserveLowerLimit","line":228,"loc":{"start":{"line":228,"column":1},"end":{"line":228,"column":65}}},"24":{"name":"getExecuteUnit","line":232,"loc":{"start":{"line":232,"column":1},"end":{"line":232,"column":59}}},"25":{"name":"getPropotion","line":236,"loc":{"start":{"line":236,"column":1},"end":{"line":236,"column":66}}},"26":{"name":"getTHCount","line":247,"loc":{"start":{"line":247,"column":1},"end":{"line":247,"column":55}}},"27":{"name":"getTHAddress","line":251,"loc":{"start":{"line":251,"column":1},"end":{"line":251,"column":71}}},"28":{"name":"getTargetAddress","line":255,"loc":{"start":{"line":255,"column":1},"end":{"line":255,"column":75}}},"29":{"name":"getTHStructures","line":259,"loc":{"start":{"line":259,"column":1},"end":{"line":259,"column":105}}},"30":{"name":"setAimedPropotion","line":276,"loc":{"start":{"line":276,"column":1},"end":{"line":276,"column":89}}},"31":{"name":"removeTargetHandler","line":293,"loc":{"start":{"line":293,"column":1},"end":{"line":293,"column":103}}},"32":{"name":"addTargetHandler","line":304,"loc":{"start":{"line":304,"column":1},"end":{"line":304,"column":84}}},"33":{"name":"setReserveUpperLimit","line":315,"loc":{"start":{"line":315,"column":1},"end":{"line":315,"column":77}}},"34":{"name":"setReserveLowerLimit","line":321,"loc":{"start":{"line":321,"column":1},"end":{"line":321,"column":77}}},"35":{"name":"setExecuteUnit","line":327,"loc":{"start":{"line":327,"column":1},"end":{"line":327,"column":71}}},"36":{"name":"setProfitBeneficiary","line":332,"loc":{"start":{"line":332,"column":1},"end":{"line":332,"column":88}}}},"statementMap":{"1":{"start":{"line":14,"column":8},"end":{"line":14,"column":56}},"2":{"start":{"line":17,"column":8},"end":{"line":17,"column":57}},"3":{"start":{"line":20,"column":8},"end":{"line":20,"column":70}},"4":{"start":{"line":42,"column":2},"end":{"line":42,"column":19}},"5":{"start":{"line":43,"column":2},"end":{"line":43,"column":19}},"6":{"start":{"line":44,"column":2},"end":{"line":44,"column":21}},"7":{"start":{"line":45,"column":2},"end":{"line":45,"column":63}},"8":{"start":{"line":46,"column":2},"end":{"line":46,"column":17}},"9":{"start":{"line":47,"column":2},"end":{"line":47,"column":11}},"10":{"start":{"line":48,"column":2},"end":{"line":48,"column":1367}},"11":{"start":{"line":49,"column":3},"end":{"line":49,"column":32}},"12":{"start":{"line":51,"column":2},"end":{"line":51,"column":58}},"13":{"start":{"line":52,"column":2},"end":{"line":52,"column":1507}},"14":{"start":{"line":53,"column":3},"end":{"line":53,"column":101}},"15":{"start":{"line":55,"column":2},"end":{"line":55,"column":42}},"16":{"start":{"line":58,"column":2},"end":{"line":58,"column":24}},"17":{"start":{"line":59,"column":2},"end":{"line":59,"column":24}},"18":{"start":{"line":63,"column":2},"end":{"line":63,"column":32}},"19":{"start":{"line":64,"column":2},"end":{"line":64,"column":51}},"20":{"start":{"line":65,"column":2},"end":{"line":65,"column":61}},"21":{"start":{"line":66,"column":2},"end":{"line":66,"column":61}},"22":{"start":{"line":67,"column":2},"end":{"line":67,"column":17}},"23":{"start":{"line":68,"column":2},"end":{"line":68,"column":2115}},"24":{"start":{"line":69,"column":3},"end":{"line":69,"column":32}},"25":{"start":{"line":70,"column":3},"end":{"line":70,"column":47}},"26":{"start":{"line":71,"column":3},"end":{"line":71,"column":2232}},"27":{"start":{"line":72,"column":4},"end":{"line":72,"column":27}},"28":{"start":{"line":74,"column":9},"end":{"line":74,"column":2295}},"29":{"start":{"line":75,"column":3},"end":{"line":75,"column":32}},"30":{"start":{"line":76,"column":3},"end":{"line":76,"column":47}},"31":{"start":{"line":77,"column":3},"end":{"line":77,"column":2412}},"32":{"start":{"line":78,"column":4},"end":{"line":78,"column":29}},"33":{"start":{"line":81,"column":2},"end":{"line":81,"column":13}},"34":{"start":{"line":85,"column":2},"end":{"line":85,"column":11}},"35":{"start":{"line":86,"column":2},"end":{"line":86,"column":28}},"36":{"start":{"line":87,"column":2},"end":{"line":87,"column":21}},"37":{"start":{"line":88,"column":2},"end":{"line":88,"column":26}},"38":{"start":{"line":89,"column":2},"end":{"line":89,"column":42}},"39":{"start":{"line":90,"column":2},"end":{"line":90,"column":67}},"40":{"start":{"line":91,"column":2},"end":{"line":91,"column":26}},"41":{"start":{"line":92,"column":2},"end":{"line":92,"column":2783}},"42":{"start":{"line":93,"column":3},"end":{"line":93,"column":14}},"43":{"start":{"line":94,"column":3},"end":{"line":94,"column":17}},"44":{"start":{"line":95,"column":3},"end":{"line":95,"column":38}},"45":{"start":{"line":96,"column":3},"end":{"line":96,"column":94}},"46":{"start":{"line":97,"column":3},"end":{"line":97,"column":97}},"47":{"start":{"line":98,"column":3},"end":{"line":98,"column":3096}},"48":{"start":{"line":101,"column":4},"end":{"line":101,"column":68}},"49":{"start":{"line":102,"column":4},"end":{"line":102,"column":3257}},"50":{"start":{"line":103,"column":5},"end":{"line":103,"column":26}},"51":{"start":{"line":104,"column":5},"end":{"line":104,"column":16}},"52":{"start":{"line":106,"column":5},"end":{"line":106,"column":27}},"53":{"start":{"line":108,"column":4},"end":{"line":108,"column":3388}},"54":{"start":{"line":109,"column":5},"end":{"line":109,"column":74}},"55":{"start":{"line":110,"column":5},"end":{"line":110,"column":62}},"56":{"start":{"line":117,"column":2},"end":{"line":117,"column":11}},"57":{"start":{"line":118,"column":2},"end":{"line":118,"column":28}},"58":{"start":{"line":119,"column":2},"end":{"line":119,"column":23}},"59":{"start":{"line":120,"column":2},"end":{"line":120,"column":26}},"60":{"start":{"line":121,"column":2},"end":{"line":121,"column":42}},"61":{"start":{"line":122,"column":2},"end":{"line":122,"column":66}},"62":{"start":{"line":123,"column":2},"end":{"line":123,"column":26}},"63":{"start":{"line":124,"column":2},"end":{"line":124,"column":3865}},"64":{"start":{"line":125,"column":3},"end":{"line":125,"column":14}},"65":{"start":{"line":126,"column":3},"end":{"line":126,"column":19}},"66":{"start":{"line":127,"column":3},"end":{"line":127,"column":38}},"67":{"start":{"line":128,"column":3},"end":{"line":128,"column":93}},"68":{"start":{"line":129,"column":3},"end":{"line":129,"column":4079}},"69":{"start":{"line":132,"column":4},"end":{"line":132,"column":70}},"70":{"start":{"line":133,"column":4},"end":{"line":133,"column":4242}},"71":{"start":{"line":134,"column":5},"end":{"line":134,"column":28}},"72":{"start":{"line":135,"column":5},"end":{"line":135,"column":16}},"73":{"start":{"line":137,"column":5},"end":{"line":137,"column":29}},"74":{"start":{"line":139,"column":4},"end":{"line":139,"column":64}},"75":{"start":{"line":145,"column":2},"end":{"line":145,"column":75}},"76":{"start":{"line":146,"column":2},"end":{"line":146,"column":11}},"77":{"start":{"line":147,"column":2},"end":{"line":147,"column":26}},"78":{"start":{"line":148,"column":2},"end":{"line":148,"column":4633}},"79":{"start":{"line":149,"column":3},"end":{"line":149,"column":14}},"80":{"start":{"line":150,"column":3},"end":{"line":150,"column":56}},"81":{"start":{"line":152,"column":2},"end":{"line":152,"column":13}},"82":{"start":{"line":156,"column":2},"end":{"line":156,"column":75}},"83":{"start":{"line":157,"column":2},"end":{"line":157,"column":40}},"84":{"start":{"line":158,"column":2},"end":{"line":158,"column":51}},"85":{"start":{"line":159,"column":2},"end":{"line":159,"column":13}},"86":{"start":{"line":164,"column":2},"end":{"line":164,"column":42}},"87":{"start":{"line":168,"column":2},"end":{"line":168,"column":32}},"88":{"start":{"line":169,"column":2},"end":{"line":169,"column":51}},"89":{"start":{"line":170,"column":2},"end":{"line":170,"column":5300}},"90":{"start":{"line":171,"column":3},"end":{"line":171,"column":11}},"91":{"start":{"line":173,"column":3},"end":{"line":173,"column":38}},"92":{"start":{"line":178,"column":2},"end":{"line":178,"column":11}},"93":{"start":{"line":179,"column":2},"end":{"line":179,"column":5476}},"94":{"start":{"line":180,"column":3},"end":{"line":180,"column":40}},"95":{"start":{"line":185,"column":2},"end":{"line":185,"column":11}},"96":{"start":{"line":186,"column":2},"end":{"line":186,"column":5647}},"97":{"start":{"line":187,"column":3},"end":{"line":187,"column":38}},"98":{"start":{"line":192,"column":2},"end":{"line":192,"column":41}},"99":{"start":{"line":196,"column":2},"end":{"line":196,"column":69}},"100":{"start":{"line":200,"column":2},"end":{"line":200,"column":67}},"101":{"start":{"line":204,"column":2},"end":{"line":204,"column":66}},"102":{"start":{"line":208,"column":2},"end":{"line":208,"column":42}},"103":{"start":{"line":209,"column":2},"end":{"line":209,"column":110}},"104":{"start":{"line":213,"column":2},"end":{"line":213,"column":17}},"105":{"start":{"line":217,"column":2},"end":{"line":217,"column":14}},"106":{"start":{"line":221,"column":2},"end":{"line":221,"column":26}},"107":{"start":{"line":225,"column":2},"end":{"line":225,"column":26}},"108":{"start":{"line":229,"column":2},"end":{"line":229,"column":26}},"109":{"start":{"line":233,"column":2},"end":{"line":233,"column":20}},"110":{"start":{"line":237,"column":2},"end":{"line":237,"column":29}},"111":{"start":{"line":238,"column":2},"end":{"line":238,"column":26}},"112":{"start":{"line":239,"column":2},"end":{"line":239,"column":49}},"113":{"start":{"line":240,"column":2},"end":{"line":240,"column":7246}},"114":{"start":{"line":241,"column":3},"end":{"line":241,"column":14}},"115":{"start":{"line":242,"column":3},"end":{"line":242,"column":32}},"116":{"start":{"line":244,"column":2},"end":{"line":244,"column":15}},"117":{"start":{"line":248,"column":2},"end":{"line":248,"column":19}},"118":{"start":{"line":252,"column":2},"end":{"line":252,"column":38}},"119":{"start":{"line":256,"column":2},"end":{"line":256,"column":31}},"120":{"start":{"line":260,"column":2},"end":{"line":260,"column":29}},"121":{"start":{"line":261,"column":2},"end":{"line":261,"column":26}},"122":{"start":{"line":262,"column":2},"end":{"line":262,"column":47}},"123":{"start":{"line":263,"column":2},"end":{"line":263,"column":49}},"124":{"start":{"line":264,"column":2},"end":{"line":264,"column":49}},"125":{"start":{"line":266,"column":2},"end":{"line":266,"column":7995}},"126":{"start":{"line":267,"column":3},"end":{"line":267,"column":14}},"127":{"start":{"line":268,"column":3},"end":{"line":268,"column":30}},"128":{"start":{"line":269,"column":3},"end":{"line":269,"column":35}},"129":{"start":{"line":270,"column":3},"end":{"line":270,"column":28}},"130":{"start":{"line":272,"column":2},"end":{"line":272,"column":31}},"131":{"start":{"line":277,"column":2},"end":{"line":277,"column":59}},"132":{"start":{"line":278,"column":2},"end":{"line":278,"column":17}},"133":{"start":{"line":279,"column":2},"end":{"line":279,"column":11}},"134":{"start":{"line":280,"column":2},"end":{"line":280,"column":26}},"135":{"start":{"line":281,"column":2},"end":{"line":281,"column":8428}},"136":{"start":{"line":282,"column":3},"end":{"line":282,"column":24}},"137":{"start":{"line":284,"column":2},"end":{"line":284,"column":58}},"138":{"start":{"line":285,"column":2},"end":{"line":285,"column":8565}},"139":{"start":{"line":286,"column":3},"end":{"line":286,"column":14}},"140":{"start":{"line":287,"column":3},"end":{"line":287,"column":38}},"141":{"start":{"line":288,"column":3},"end":{"line":288,"column":14}},"142":{"start":{"line":290,"column":2},"end":{"line":290,"column":13}},"143":{"start":{"line":294,"column":2},"end":{"line":294,"column":29}},"144":{"start":{"line":295,"column":2},"end":{"line":295,"column":63}},"145":{"start":{"line":296,"column":2},"end":{"line":296,"column":50}},"146":{"start":{"line":297,"column":2},"end":{"line":297,"column":97}},"147":{"start":{"line":298,"column":2},"end":{"line":298,"column":85}},"148":{"start":{"line":299,"column":2},"end":{"line":299,"column":30}},"149":{"start":{"line":301,"column":2},"end":{"line":301,"column":13}},"150":{"start":{"line":305,"column":2},"end":{"line":305,"column":29}},"151":{"start":{"line":306,"column":2},"end":{"line":306,"column":26}},"152":{"start":{"line":307,"column":2},"end":{"line":307,"column":9365}},"153":{"start":{"line":308,"column":3},"end":{"line":308,"column":14}},"154":{"start":{"line":309,"column":3},"end":{"line":309,"column":78}},"155":{"start":{"line":311,"column":2},"end":{"line":311,"column":102}},"156":{"start":{"line":312,"column":2},"end":{"line":312,"column":13}},"157":{"start":{"line":316,"column":2},"end":{"line":316,"column":54}},"158":{"start":{"line":317,"column":2},"end":{"line":317,"column":28}},"159":{"start":{"line":318,"column":2},"end":{"line":318,"column":13}},"160":{"start":{"line":322,"column":2},"end":{"line":322,"column":54}},"161":{"start":{"line":323,"column":2},"end":{"line":323,"column":28}},"162":{"start":{"line":324,"column":2},"end":{"line":324,"column":13}},"163":{"start":{"line":328,"column":2},"end":{"line":328,"column":22}},"164":{"start":{"line":329,"column":2},"end":{"line":329,"column":13}},"165":{"start":{"line":333,"column":2},"end":{"line":333,"column":39}},"166":{"start":{"line":334,"column":2},"end":{"line":334,"column":13}}},"branchMap":{"1":{"line":14,"type":"if","locations":[{"start":{"line":14,"column":8},"end":{"line":14,"column":8}},{"start":{"line":14,"column":8},"end":{"line":14,"column":8}}]},"2":{"line":17,"type":"if","locations":[{"start":{"line":17,"column":8},"end":{"line":17,"column":8}},{"start":{"line":17,"column":8},"end":{"line":17,"column":8}}]},"3":{"line":20,"type":"if","locations":[{"start":{"line":20,"column":8},"end":{"line":20,"column":8}},{"start":{"line":20,"column":8},"end":{"line":20,"column":8}}]},"4":{"line":45,"type":"if","locations":[{"start":{"line":45,"column":2},"end":{"line":45,"column":2}},{"start":{"line":45,"column":2},"end":{"line":45,"column":2}}]},"5":{"line":51,"type":"if","locations":[{"start":{"line":51,"column":2},"end":{"line":51,"column":2}},{"start":{"line":51,"column":2},"end":{"line":51,"column":2}}]},"6":{"line":68,"type":"if","locations":[{"start":{"line":68,"column":2},"end":{"line":68,"column":2}},{"start":{"line":68,"column":2},"end":{"line":68,"column":2}}]},"7":{"line":71,"type":"if","locations":[{"start":{"line":71,"column":3},"end":{"line":71,"column":3}},{"start":{"line":71,"column":3},"end":{"line":71,"column":3}}]},"8":{"line":74,"type":"if","locations":[{"start":{"line":74,"column":9},"end":{"line":74,"column":9}},{"start":{"line":74,"column":9},"end":{"line":74,"column":9}}]},"9":{"line":77,"type":"if","locations":[{"start":{"line":77,"column":3},"end":{"line":77,"column":3}},{"start":{"line":77,"column":3},"end":{"line":77,"column":3}}]},"10":{"line":98,"type":"if","locations":[{"start":{"line":98,"column":3},"end":{"line":98,"column":3}},{"start":{"line":98,"column":3},"end":{"line":98,"column":3}}]},"11":{"line":102,"type":"if","locations":[{"start":{"line":102,"column":4},"end":{"line":102,"column":4}},{"start":{"line":102,"column":4},"end":{"line":102,"column":4}}]},"12":{"line":108,"type":"if","locations":[{"start":{"line":108,"column":4},"end":{"line":108,"column":4}},{"start":{"line":108,"column":4},"end":{"line":108,"column":4}}]},"13":{"line":129,"type":"if","locations":[{"start":{"line":129,"column":3},"end":{"line":129,"column":3}},{"start":{"line":129,"column":3},"end":{"line":129,"column":3}}]},"14":{"line":133,"type":"if","locations":[{"start":{"line":133,"column":4},"end":{"line":133,"column":4}},{"start":{"line":133,"column":4},"end":{"line":133,"column":4}}]},"15":{"line":145,"type":"if","locations":[{"start":{"line":145,"column":2},"end":{"line":145,"column":2}},{"start":{"line":145,"column":2},"end":{"line":145,"column":2}}]},"16":{"line":156,"type":"if","locations":[{"start":{"line":156,"column":2},"end":{"line":156,"column":2}},{"start":{"line":156,"column":2},"end":{"line":156,"column":2}}]},"17":{"line":170,"type":"if","locations":[{"start":{"line":170,"column":2},"end":{"line":170,"column":2}},{"start":{"line":170,"column":2},"end":{"line":170,"column":2}}]},"18":{"line":277,"type":"if","locations":[{"start":{"line":277,"column":2},"end":{"line":277,"column":2}},{"start":{"line":277,"column":2},"end":{"line":277,"column":2}}]},"19":{"line":284,"type":"if","locations":[{"start":{"line":284,"column":2},"end":{"line":284,"column":2}},{"start":{"line":284,"column":2},"end":{"line":284,"column":2}}]},"20":{"line":295,"type":"if","locations":[{"start":{"line":295,"column":2},"end":{"line":295,"column":2}},{"start":{"line":295,"column":2},"end":{"line":295,"column":2}}]},"21":{"line":296,"type":"if","locations":[{"start":{"line":296,"column":2},"end":{"line":296,"column":2}},{"start":{"line":296,"column":2},"end":{"line":296,"column":2}}]},"22":{"line":297,"type":"if","locations":[{"start":{"line":297,"column":2},"end":{"line":297,"column":2}},{"start":{"line":297,"column":2},"end":{"line":297,"column":2}}]},"23":{"line":298,"type":"if","locations":[{"start":{"line":298,"column":2},"end":{"line":298,"column":2}},{"start":{"line":298,"column":2},"end":{"line":298,"column":2}}]},"24":{"line":309,"type":"if","locations":[{"start":{"line":309,"column":3},"end":{"line":309,"column":3}},{"start":{"line":309,"column":3},"end":{"line":309,"column":3}}]},"25":{"line":316,"type":"if","locations":[{"start":{"line":316,"column":2},"end":{"line":316,"column":2}},{"start":{"line":316,"column":2},"end":{"line":316,"column":2}}]},"26":{"line":322,"type":"if","locations":[{"start":{"line":322,"column":2},"end":{"line":322,"column":2}},{"start":{"line":322,"column":2},"end":{"line":322,"column":2}}]}}},
"contracts/DispatcherEntrance.sol":{"l":{"11":0,"12":0,"16":0,"20":0,"24":0,"28":0,"32":0,"36":0,"40":0,"44":0,"48":0,"52":0,"56":0,"60":0},"path":"/Users/will/Work/dForce/dip001/contracts/DispatcherEntrance.sol","s":{"1":0,"2":0,"3":0,"4":0,"5":0,"6":0,"7":0,"8":0,"9":0,"10":0,"11":0,"12":0,"13":0},"b":{"1":[0,0]},"f":{"1":0,"2":0,"3":0,"4":0,"5":0,"6":0,"7":0,"8":0,"9":0,"10":0,"11":0,"12":0,"13":0},"fnMap":{"1":{"name":"onlySupportedPair","line":10,"loc":{"start":{"line":10,"column":4},"end":{"line":10,"column":59}}},"2":{"name":"registDispatcher","line":15,"loc":{"start":{"line":15,"column":1},"end":{"line":15,"column":93}}},"3":{"name":"trigger","line":19,"loc":{"start":{"line":19,"column":1},"end":{"line":19,"column":106}}},"4":{"name":"withdrawProfit","line":23,"loc":{"start":{"line":23,"column":1},"end":{"line":23,"column":118}}},"5":{"name":"getDispatcher","line":27,"loc":{"start":{"line":27,"column":1},"end":{"line":27,"column":85}}},"6":{"name":"getReserve","line":31,"loc":{"start":{"line":31,"column":1},"end":{"line":31,"column":115}}},"7":{"name":"getReserveRatio","line":35,"loc":{"start":{"line":35,"column":1},"end":{"line":35,"column":120}}},"8":{"name":"getPrinciple","line":39,"loc":{"start":{"line":39,"column":1},"end":{"line":39,"column":117}}},"9":{"name":"getBalance","line":43,"loc":{"start":{"line":43,"column":1},"end":{"line":43,"column":115}}},"10":{"name":"getProfit","line":47,"loc":{"start":{"line":47,"column":1},"end":{"line":47,"column":114}}},"11":{"name":"getTHPrinciple","line":51,"loc":{"start":{"line":51,"column":1},"end":{"line":51,"column":135}}},"12":{"name":"getTHBalance","line":55,"loc":{"start":{"line":55,"column":1},"end":{"line":55,"column":133}}},"13":{"name":"getTHProfit","line":59,"loc":{"start":{"line":59,"column":1},"end":{"line":59,"column":132}}}},"statementMap":{"1":{"start":{"line":11,"column":8},"end":{"line":11,"column":78}},"2":{"start":{"line":16,"column":2},"end":{"line":16,"column":41}},"3":{"start":{"line":20,"column":2},"end":{"line":20,"column":58}},"4":{"start":{"line":24,"column":2},"end":{"line":24,"column":65}},"5":{"start":{"line":28,"column":2},"end":{"line":28,"column":35}},"6":{"start":{"line":32,"column":2},"end":{"line":32,"column":61}},"7":{"start":{"line":36,"column":2},"end":{"line":36,"column":66}},"8":{"start":{"line":40,"column":2},"end":{"line":40,"column":63}},"9":{"start":{"line":44,"column":2},"end":{"line":44,"column":61}},"10":{"start":{"line":48,"column":2},"end":{"line":48,"column":60}},"11":{"start":{"line":52,"column":2},"end":{"line":52,"column":71}},"12":{"start":{"line":56,"column":2},"end":{"line":56,"column":69}},"13":{"start":{"line":60,"column":2},"end":{"line":60,"column":68}}},"branchMap":{"1":{"line":11,"type":"if","locations":[{"start":{"line":11,"column":8},"end":{"line":11,"column":8}},{"start":{"line":11,"column":8},"end":{"line":11,"column":8}}]}}},
"contracts/DSLibrary/DSAuth.sol":{"l":{"34":12,"35":12,"40":0,"41":0,"45":0,"46":0,"50":0,"51":0,"52":0,"53":0,"61":8,"62":8,"66":8,"67":8,"71":8,"75":96,"76":96,"80":96,"81":0,"83":68,"85":0,"87":28},"path":"/Users/will/Work/dForce/dip001/contracts/DSLibrary/DSAuth.sol","s":{"1":12,"2":12,"3":0,"4":0,"5":0,"6":0,"7":0,"8":0,"9":0,"10":0,"11":8,"12":8,"13":8,"14":8,"15":96,"16":96,"17":0,"18":96,"19":68,"20":28,"21":0,"22":28},"b":{"1":[0,0],"2":[0,0],"3":[8,0],"4":[96,0],"5":[0,96],"6":[68,28],"7":[0,28]},"f":{"1":12,"2":0,"3":0,"4":0,"5":8,"6":8,"7":8,"8":96,"9":96},"fnMap":{"1":{"name":"constructor","line":33,"loc":{"start":{"line":33,"column":4},"end":{"line":33,"column":22}}},"2":{"name":"disableOwnership","line":39,"loc":{"start":{"line":39,"column":4},"end":{"line":39,"column":46}}},"3":{"name":"transferOwnership","line":44,"loc":{"start":{"line":44,"column":4},"end":{"line":44,"column":64}}},"4":{"name":"acceptOwnership","line":49,"loc":{"start":{"line":49,"column":4},"end":{"line":49,"column":35}}},"5":{"name":"setAuthority","line":57,"loc":{"start":{"line":57,"column":4},"end":{"line":60,"column":5}}},"6":{"name":"onlyOwner","line":65,"loc":{"start":{"line":65,"column":4},"end":{"line":65,"column":20}}},"7":{"name":"isOwner","line":70,"loc":{"start":{"line":70,"column":4},"end":{"line":70,"column":60}}},"8":{"name":"auth","line":74,"loc":{"start":{"line":74,"column":4},"end":{"line":74,"column":15}}},"9":{"name":"isAuthorized","line":79,"loc":{"start":{"line":79,"column":4},"end":{"line":79,"column":77}}}},"statementMap":{"1":{"start":{"line":34,"column":8},"end":{"line":34,"column":25}},"2":{"start":{"line":35,"column":8},"end":{"line":35,"column":36}},"3":{"start":{"line":40,"column":8},"end":{"line":40,"column":25}},"4":{"start":{"line":41,"column":8},"end":{"line":41,"column":43}},"5":{"start":{"line":45,"column":8},"end":{"line":45,"column":72}},"6":{"start":{"line":46,"column":8},"end":{"line":46,"column":27}},"7":{"start":{"line":50,"column":8},"end":{"line":50,"column":82}},"8":{"start":{"line":51,"column":8},"end":{"line":51,"column":41}},"9":{"start":{"line":52,"column":8},"end":{"line":52,"column":23}},"10":{"start":{"line":53,"column":8},"end":{"line":53,"column":30}},"11":{"start":{"line":61,"column":8},"end":{"line":61,"column":29}},"12":{"start":{"line":62,"column":8},"end":{"line":62,"column":48}},"13":{"start":{"line":66,"column":8},"end":{"line":66,"column":56}},"14":{"start":{"line":71,"column":8},"end":{"line":71,"column":33}},"15":{"start":{"line":75,"column":8},"end":{"line":75,"column":73}},"16":{"start":{"line":80,"column":8},"end":{"line":80,"column":2518}},"17":{"start":{"line":81,"column":12},"end":{"line":81,"column":23}},"18":{"start":{"line":82,"column":15},"end":{"line":82,"column":2586}},"19":{"start":{"line":83,"column":12},"end":{"line":83,"column":23}},"20":{"start":{"line":84,"column":15},"end":{"line":84,"column":2646}},"21":{"start":{"line":85,"column":12},"end":{"line":85,"column":24}},"22":{"start":{"line":87,"column":12},"end":{"line":87,"column":61}}},"branchMap":{"1":{"line":45,"type":"if","locations":[{"start":{"line":45,"column":8},"end":{"line":45,"column":8}},{"start":{"line":45,"column":8},"end":{"line":45,"column":8}}]},"2":{"line":50,"type":"if","locations":[{"start":{"line":50,"column":8},"end":{"line":50,"column":8}},{"start":{"line":50,"column":8},"end":{"line":50,"column":8}}]},"3":{"line":66,"type":"if","locations":[{"start":{"line":66,"column":8},"end":{"line":66,"column":8}},{"start":{"line":66,"column":8},"end":{"line":66,"column":8}}]},"4":{"line":75,"type":"if","locations":[{"start":{"line":75,"column":8},"end":{"line":75,"column":8}},{"start":{"line":75,"column":8},"end":{"line":75,"column":8}}]},"5":{"line":80,"type":"if","locations":[{"start":{"line":80,"column":8},"end":{"line":80,"column":8}},{"start":{"line":80,"column":8},"end":{"line":80,"column":8}}]},"6":{"line":82,"type":"if","locations":[{"start":{"line":82,"column":15},"end":{"line":82,"column":15}},{"start":{"line":82,"column":15},"end":{"line":82,"column":15}}]},"7":{"line":84,"type":"if","locations":[{"start":{"line":84,"column":15},"end":{"line":84,"column":15}},{"start":{"line":84,"column":15},"end":{"line":84,"column":15}}]}}},
"contracts/DSLibrary/DSGuard.sol":{"l":{"44":28,"45":28,"47":28,"58":14,"59":14,"63":0,"64":0,"68":0,"71":14,"74":0,"77":0},"path":"/Users/will/Work/dForce/dip001/contracts/DSLibrary/DSGuard.sol","s":{"1":28,"2":28,"3":28,"4":14,"5":14,"6":0,"7":0,"8":0,"9":14,"10":0,"11":0},"b":{},"f":{"1":28,"2":14,"3":0,"4":0,"5":14,"6":0,"7":0},"fnMap":{"1":{"name":"canCall","line":41,"loc":{"start":{"line":41,"column":4},"end":{"line":43,"column":34}}},"2":{"name":"_permit","line":57,"loc":{"start":{"line":57,"column":4},"end":{"line":57,"column":67}}},"3":{"name":"_forbid","line":62,"loc":{"start":{"line":62,"column":4},"end":{"line":62,"column":66}}},"4":{"name":"permit","line":67,"loc":{"start":{"line":67,"column":4},"end":{"line":67,"column":68}}},"5":{"name":"permitx","line":70,"loc":{"start":{"line":70,"column":4},"end":{"line":70,"column":56}}},"6":{"name":"forbid","line":73,"loc":{"start":{"line":73,"column":4},"end":{"line":73,"column":68}}},"7":{"name":"forbidx","line":76,"loc":{"start":{"line":76,"column":4},"end":{"line":76,"column":56}}}},"statementMap":{"1":{"start":{"line":44,"column":8},"end":{"line":44,"column":44}},"2":{"start":{"line":45,"column":8},"end":{"line":45,"column":44}},"3":{"start":{"line":47,"column":8},"end":{"line":47,"column":1478}},"4":{"start":{"line":58,"column":8},"end":{"line":58,"column":32}},"5":{"start":{"line":59,"column":8},"end":{"line":59,"column":37}},"6":{"start":{"line":63,"column":8},"end":{"line":63,"column":33}},"7":{"start":{"line":64,"column":8},"end":{"line":64,"column":37}},"8":{"start":{"line":68,"column":8},"end":{"line":68,"column":65}},"9":{"start":{"line":71,"column":8},"end":{"line":71,"column":65}},"10":{"start":{"line":74,"column":8},"end":{"line":74,"column":65}},"11":{"start":{"line":77,"column":8},"end":{"line":77,"column":65}}},"branchMap":{}},
"contracts/DSLibrary/DSMath.sol":{"l":{"20":97,"23":157,"26":116,"30":0,"31":0,"35":0,"38":0,"57":0,"95":0,"96":0,"99":0,"102":0,"105":0,"106":0,"107":0,"108":0},"path":"/Users/will/Work/dForce/dip001/contracts/DSLibrary/DSMath.sol","s":{"1":97,"2":157,"3":116,"4":0,"5":0,"6":0,"7":0,"8":0,"9":0,"10":0,"11":0,"12":0,"13":0,"14":0,"15":0,"16":0,"17":0,"18":0},"b":{"1":[97,0],"2":[157,0],"3":[116,0],"4":[0,0],"5":[0,0],"6":[0,0],"7":[0,0]},"f":{"1":97,"2":157,"3":116,"4":0,"5":0,"6":0,"7":0,"8":0},"fnMap":{"1":{"name":"add","line":19,"loc":{"start":{"line":19,"column":4},"end":{"line":19,"column":61}}},"2":{"name":"sub","line":22,"loc":{"start":{"line":22,"column":4},"end":{"line":22,"column":61}}},"3":{"name":"mul","line":25,"loc":{"start":{"line":25,"column":4},"end":{"line":25,"column":61}}},"4":{"name":"div","line":29,"loc":{"start":{"line":29,"column":4},"end":{"line":29,"column":61}}},"5":{"name":"min","line":34,"loc":{"start":{"line":34,"column":4},"end":{"line":34,"column":61}}},"6":{"name":"max","line":37,"loc":{"start":{"line":37,"column":4},"end":{"line":37,"column":61}}},"7":{"name":"wdiv","line":56,"loc":{"start":{"line":56,"column":4},"end":{"line":56,"column":62}}},"8":{"name":"pow","line":94,"loc":{"start":{"line":94,"column":4},"end":{"line":94,"column":76}}}},"statementMap":{"1":{"start":{"line":20,"column":8},"end":{"line":20,"column":56}},"2":{"start":{"line":23,"column":8},"end":{"line":23,"column":57}},"3":{"start":{"line":26,"column":8},"end":{"line":26,"column":70}},"4":{"start":{"line":30,"column":8},"end":{"line":30,"column":45}},"5":{"start":{"line":31,"column":8},"end":{"line":31,"column":16}},"6":{"start":{"line":35,"column":8},"end":{"line":35,"column":29}},"7":{"start":{"line":38,"column":8},"end":{"line":38,"column":29}},"8":{"start":{"line":57,"column":8},"end":{"line":57,"column":38}},"9":{"start":{"line":95,"column":8},"end":{"line":95,"column":3315}},"10":{"start":{"line":96,"column":12},"end":{"line":96,"column":20}},"11":{"start":{"line":98,"column":13},"end":{"line":98,"column":3381}},"12":{"start":{"line":99,"column":12},"end":{"line":99,"column":23}},"13":{"start":{"line":101,"column":13},"end":{"line":101,"column":3450}},"14":{"start":{"line":102,"column":12},"end":{"line":102,"column":20}},"15":{"start":{"line":105,"column":12},"end":{"line":105,"column":28}},"16":{"start":{"line":106,"column":12},"end":{"line":106,"column":3597}},"17":{"start":{"line":107,"column":16},"end":{"line":107,"column":31}},"18":{"start":{"line":108,"column":12},"end":{"line":108,"column":20}}},"branchMap":{"1":{"line":20,"type":"if","locations":[{"start":{"line":20,"column":8},"end":{"line":20,"column":8}},{"start":{"line":20,"column":8},"end":{"line":20,"column":8}}]},"2":{"line":23,"type":"if","locations":[{"start":{"line":23,"column":8},"end":{"line":23,"column":8}},{"start":{"line":23,"column":8},"end":{"line":23,"column":8}}]},"3":{"line":26,"type":"if","locations":[{"start":{"line":26,"column":8},"end":{"line":26,"column":8}},{"start":{"line":26,"column":8},"end":{"line":26,"column":8}}]},"4":{"line":30,"type":"if","locations":[{"start":{"line":30,"column":8},"end":{"line":30,"column":8}},{"start":{"line":30,"column":8},"end":{"line":30,"column":8}}]},"5":{"line":95,"type":"if","locations":[{"start":{"line":95,"column":8},"end":{"line":95,"column":8}},{"start":{"line":95,"column":8},"end":{"line":95,"column":8}}]},"6":{"line":98,"type":"if","locations":[{"start":{"line":98,"column":13},"end":{"line":98,"column":13}},{"start":{"line":98,"column":13},"end":{"line":98,"column":13}}]},"7":{"line":101,"type":"if","locations":[{"start":{"line":101,"column":13},"end":{"line":101,"column":13}},{"start":{"line":101,"column":13},"end":{"line":101,"column":13}}]}}},
"contracts/DSLibrary/DSToken.sol":{"l":{"28":2,"29":2,"36":0,"37":0,"38":0,"45":0,"46":0,"50":0,"51":0,"55":0,"56":0,"60":0,"64":0,"65":0,"67":0,"69":0,"71":0,"73":0,"89":0,"90":0,"91":0,"93":0,"99":0,"101":0,"109":77,"110":77,"113":0,"116":0,"141":2,"145":0,"148":180,"151":0,"155":45,"162":0,"163":0,"164":0,"167":0,"168":0,"169":0,"171":0,"173":0,"177":6,"179":6,"181":6,"192":0,"196":2,"200":0,"204":0,"208":6,"209":6,"217":59,"218":0,"219":0,"222":59,"223":59,"224":59,"226":59,"228":59,"232":12,"236":0,"240":12,"242":12,"243":12,"244":12,"248":0,"249":0,"251":0,"252":0,"253":0,"256":0,"257":0,"258":0},"path":"/Users/will/Work/dForce/dip001/contracts/DSLibrary/DSToken.sol","s":{"1":2,"2":2,"3":0,"4":0,"5":0,"6":0,"7":0,"8":0,"9":0,"10":0,"11":0,"12":0,"13":0,"14":0,"15":0,"16":0,"17":0,"18":0,"19":0,"20":0,"21":0,"22":0,"23":0,"24":77,"25":0,"26":0,"27":2,"28":0,"29":180,"30":0,"31":45,"32":0,"33":0,"34":0,"35":0,"36":0,"37":0,"38":0,"39":0,"40":6,"41":6,"42":6,"43":0,"44":2,"45":0,"46":0,"47":6,"48":6,"49":59,"50":0,"51":0,"52":59,"53":59,"54":59,"55":59,"56":59,"57":12,"58":0,"59":12,"60":12,"61":12,"62":12,"63":0,"64":0,"65":0,"66":0,"67":0,"68":0,"69":0,"70":0},"b":{"1":[0,0],"2":[0,0],"3":[0,0],"4":[0,0],"5":[0,0],"6":[0,0],"7":[0,0],"8":[77,0],"9":[0,0],"10":[0,0],"11":[0,0],"12":[6,0],"13":[0,59],"14":[0,0],"15":[59,0],"16":[12,0],"17":[0,0],"18":[0,0],"19":[0,0],"20":[0,0]},"f":{"1":2,"2":0,"3":0,"4":0,"5":0,"6":0,"7":0,"8":0,"9":77,"10":0,"11":0,"12":2,"13":0,"14":180,"15":0,"16":45,"17":0,"18":6,"19":0,"20":2,"21":0,"22":0,"23":6,"24":59,"25":12,"26":0,"27":12,"28":0},"fnMap":{"1":{"name":"constructor","line":27,"loc":{"start":{"line":27,"column":4},"end":{"line":27,"column":22}}},"2":{"name":"setOwner","line":32,"loc":{"start":{"line":32,"column":4},"end":{"line":35,"column":5}}},"3":{"name":"setAuthority","line":41,"loc":{"start":{"line":41,"column":4},"end":{"line":44,"column":5}}},"4":{"name":"auth","line":49,"loc":{"start":{"line":49,"column":4},"end":{"line":49,"column":15}}},"5":{"name":"onlyOwner","line":54,"loc":{"start":{"line":54,"column":4},"end":{"line":54,"column":20}}},"6":{"name":"isOwner","line":59,"loc":{"start":{"line":59,"column":4},"end":{"line":59,"column":58}}},"7":{"name":"isAuthorized","line":63,"loc":{"start":{"line":63,"column":4},"end":{"line":63,"column":65}}},"8":{"name":"note","line":88,"loc":{"start":{"line":88,"column":4},"end":{"line":88,"column":15}}},"9":{"name":"stoppable","line":108,"loc":{"start":{"line":108,"column":4},"end":{"line":108,"column":20}}},"10":{"name":"stop","line":112,"loc":{"start":{"line":112,"column":4},"end":{"line":112,"column":39}}},"11":{"name":"start","line":115,"loc":{"start":{"line":115,"column":4},"end":{"line":115,"column":40}}},"12":{"name":"constructor","line":140,"loc":{"start":{"line":140,"column":4},"end":{"line":140,"column":33}}},"13":{"name":"totalSupply","line":144,"loc":{"start":{"line":144,"column":4},"end":{"line":144,"column":51}}},"14":{"name":"balanceOf","line":147,"loc":{"start":{"line":147,"column":4},"end":{"line":147,"column":60}}},"15":{"name":"allowance","line":150,"loc":{"start":{"line":150,"column":4},"end":{"line":150,"column":73}}},"16":{"name":"transfer","line":154,"loc":{"start":{"line":154,"column":4},"end":{"line":154,"column":64}}},"17":{"name":"transferFrom","line":158,"loc":{"start":{"line":158,"column":4},"end":{"line":161,"column":5}}},"18":{"name":"approve","line":176,"loc":{"start":{"line":176,"column":4},"end":{"line":176,"column":63}}},"19":{"name":"getDecimals","line":191,"loc":{"start":{"line":191,"column":4},"end":{"line":191,"column":56}}},"20":{"name":"constructor","line":195,"loc":{"start":{"line":195,"column":4},"end":{"line":195,"column":37}}},"21":{"name":"setName","line":199,"loc":{"start":{"line":199,"column":4},"end":{"line":199,"column":50}}},"22":{"name":"approvex","line":203,"loc":{"start":{"line":203,"column":4},"end":{"line":203,"column":64}}},"23":{"name":"approve","line":207,"loc":{"start":{"line":207,"column":4},"end":{"line":207,"column":73}}},"24":{"name":"transferFrom","line":212,"loc":{"start":{"line":212,"column":4},"end":{"line":216,"column":5}}},"25":{"name":"mint","line":231,"loc":{"start":{"line":231,"column":4},"end":{"line":231,"column":55}}},"26":{"name":"burn","line":235,"loc":{"start":{"line":235,"column":4},"end":{"line":235,"column":60}}},"27":{"name":"_mint","line":239,"loc":{"start":{"line":239,"column":4},"end":{"line":239,"column":48}}},"28":{"name":"_burn","line":247,"loc":{"start":{"line":247,"column":4},"end":{"line":247,"column":48}}}},"statementMap":{"1":{"start":{"line":28,"column":8},"end":{"line":28,"column":25}},"2":{"start":{"line":29,"column":8},"end":{"line":29,"column":36}},"3":{"start":{"line":36,"column":8},"end":{"line":36,"column":61}},"4":{"start":{"line":37,"column":8},"end":{"line":37,"column":21}},"5":{"start":{"line":38,"column":8},"end":{"line":38,"column":31}},"6":{"start":{"line":45,"column":8},"end":{"line":45,"column":29}},"7":{"start":{"line":46,"column":8},"end":{"line":46,"column":48}},"8":{"start":{"line":50,"column":8},"end":{"line":50,"column":64}},"9":{"start":{"line":55,"column":8},"end":{"line":55,"column":56}},"10":{"start":{"line":60,"column":8},"end":{"line":60,"column":33}},"11":{"start":{"line":64,"column":8},"end":{"line":64,"column":1806}},"12":{"start":{"line":65,"column":12},"end":{"line":65,"column":23}},"13":{"start":{"line":66,"column":15},"end":{"line":66,"column":1874}},"14":{"start":{"line":67,"column":12},"end":{"line":67,"column":23}},"15":{"start":{"line":68,"column":15},"end":{"line":68,"column":1934}},"16":{"start":{"line":69,"column":12},"end":{"line":69,"column":24}},"17":{"start":{"line":70,"column":15},"end":{"line":70,"column":2006}},"18":{"start":{"line":71,"column":12},"end":{"line":71,"column":23}},"19":{"start":{"line":73,"column":12},"end":{"line":73,"column":24}},"20":{"start":{"line":89,"column":8},"end":{"line":89,"column":19}},"21":{"start":{"line":90,"column":8},"end":{"line":90,"column":19}},"22":{"start":{"line":91,"column":8},"end":{"line":91,"column":19}},"23":{"start":{"line":99,"column":8},"end":{"line":99,"column":66}},"24":{"start":{"line":109,"column":8},"end":{"line":109,"column":46}},"25":{"start":{"line":113,"column":8},"end":{"line":113,"column":21}},"26":{"start":{"line":116,"column":8},"end":{"line":116,"column":22}},"27":{"start":{"line":141,"column":8},"end":{"line":141,"column":23}},"28":{"start":{"line":145,"column":8},"end":{"line":145,"column":22}},"29":{"start":{"line":148,"column":8},"end":{"line":148,"column":29}},"30":{"start":{"line":151,"column":8},"end":{"line":151,"column":35}},"31":{"start":{"line":155,"column":8},"end":{"line":155,"column":49}},"32":{"start":{"line":162,"column":8},"end":{"line":162,"column":4456}},"33":{"start":{"line":163,"column":12},"end":{"line":163,"column":88}},"34":{"start":{"line":164,"column":12},"end":{"line":164,"column":78}},"35":{"start":{"line":167,"column":8},"end":{"line":167,"column":70}},"36":{"start":{"line":168,"column":8},"end":{"line":168,"column":48}},"37":{"start":{"line":169,"column":8},"end":{"line":169,"column":48}},"38":{"start":{"line":171,"column":8},"end":{"line":171,"column":36}},"39":{"start":{"line":173,"column":8},"end":{"line":173,"column":19}},"40":{"start":{"line":177,"column":8},"end":{"line":177,"column":40}},"41":{"start":{"line":179,"column":8},"end":{"line":179,"column":43}},"42":{"start":{"line":181,"column":8},"end":{"line":181,"column":19}},"43":{"start":{"line":192,"column":8},"end":{"line":192,"column":23}},"44":{"start":{"line":196,"column":8},"end":{"line":196,"column":23}},"45":{"start":{"line":200,"column":8},"end":{"line":200,"column":19}},"46":{"start":{"line":204,"column":8},"end":{"line":204,"column":43}},"47":{"start":{"line":208,"column":8},"end":{"line":208,"column":60}},"48":{"start":{"line":209,"column":8},"end":{"line":209,"column":38}},"49":{"start":{"line":217,"column":8},"end":{"line":217,"column":5959}},"50":{"start":{"line":218,"column":12},"end":{"line":218,"column":88}},"51":{"start":{"line":219,"column":12},"end":{"line":219,"column":78}},"52":{"start":{"line":222,"column":8},"end":{"line":222,"column":70}},"53":{"start":{"line":223,"column":8},"end":{"line":223,"column":48}},"54":{"start":{"line":224,"column":8},"end":{"line":224,"column":48}},"55":{"start":{"line":226,"column":8},"end":{"line":226,"column":36}},"56":{"start":{"line":228,"column":8},"end":{"line":228,"column":19}},"57":{"start":{"line":232,"column":8},"end":{"line":232,"column":22}},"58":{"start":{"line":236,"column":8},"end":{"line":236,"column":22}},"59":{"start":{"line":240,"column":8},"end":{"line":240,"column":76}},"60":{"start":{"line":242,"column":8},"end":{"line":242,"column":48}},"61":{"start":{"line":243,"column":8},"end":{"line":243,"column":34}},"62":{"start":{"line":244,"column":8},"end":{"line":244,"column":43}},"63":{"start":{"line":248,"column":8},"end":{"line":248,"column":78}},"64":{"start":{"line":249,"column":8},"end":{"line":249,"column":70}},"65":{"start":{"line":251,"column":8},"end":{"line":251,"column":7131}},"66":{"start":{"line":252,"column":12},"end":{"line":252,"column":88}},"67":{"start":{"line":253,"column":12},"end":{"line":253,"column":78}},"68":{"start":{"line":256,"column":8},"end":{"line":256,"column":48}},"69":{"start":{"line":257,"column":8},"end":{"line":257,"column":34}},"70":{"start":{"line":258,"column":8},"end":{"line":258,"column":43}}},"branchMap":{"1":{"line":36,"type":"if","locations":[{"start":{"line":36,"column":8},"end":{"line":36,"column":8}},{"start":{"line":36,"column":8},"end":{"line":36,"column":8}}]},"2":{"line":50,"type":"if","locations":[{"start":{"line":50,"column":8},"end":{"line":50,"column":8}},{"start":{"line":50,"column":8},"end":{"line":50,"column":8}}]},"3":{"line":55,"type":"if","locations":[{"start":{"line":55,"column":8},"end":{"line":55,"column":8}},{"start":{"line":55,"column":8},"end":{"line":55,"column":8}}]},"4":{"line":64,"type":"if","locations":[{"start":{"line":64,"column":8},"end":{"line":64,"column":8}},{"start":{"line":64,"column":8},"end":{"line":64,"column":8}}]},"5":{"line":66,"type":"if","locations":[{"start":{"line":66,"column":15},"end":{"line":66,"column":15}},{"start":{"line":66,"column":15},"end":{"line":66,"column":15}}]},"6":{"line":68,"type":"if","locations":[{"start":{"line":68,"column":15},"end":{"line":68,"column":15}},{"start":{"line":68,"column":15},"end":{"line":68,"column":15}}]},"7":{"line":70,"type":"if","locations":[{"start":{"line":70,"column":15},"end":{"line":70,"column":15}},{"start":{"line":70,"column":15},"end":{"line":70,"column":15}}]},"8":{"line":109,"type":"if","locations":[{"start":{"line":109,"column":8},"end":{"line":109,"column":8}},{"start":{"line":109,"column":8},"end":{"line":109,"column":8}}]},"9":{"line":162,"type":"if","locations":[{"start":{"line":162,"column":8},"end":{"line":162,"column":8}},{"start":{"line":162,"column":8},"end":{"line":162,"column":8}}]},"10":{"line":163,"type":"if","locations":[{"start":{"line":163,"column":12},"end":{"line":163,"column":12}},{"start":{"line":163,"column":12},"end":{"line":163,"column":12}}]},"11":{"line":167,"type":"if","locations":[{"start":{"line":167,"column":8},"end":{"line":167,"column":8}},{"start":{"line":167,"column":8},"end":{"line":167,"column":8}}]},"12":{"line":208,"type":"if","locations":[{"start":{"line":208,"column":8},"end":{"line":208,"column":8}},{"start":{"line":208,"column":8},"end":{"line":208,"column":8}}]},"13":{"line":217,"type":"if","locations":[{"start":{"line":217,"column":8},"end":{"line":217,"column":8}},{"start":{"line":217,"column":8},"end":{"line":217,"column":8}}]},"14":{"line":218,"type":"if","locations":[{"start":{"line":218,"column":12},"end":{"line":218,"column":12}},{"start":{"line":218,"column":12},"end":{"line":218,"column":12}}]},"15":{"line":222,"type":"if","locations":[{"start":{"line":222,"column":8},"end":{"line":222,"column":8}},{"start":{"line":222,"column":8},"end":{"line":222,"column":8}}]},"16":{"line":240,"type":"if","locations":[{"start":{"line":240,"column":8},"end":{"line":240,"column":8}},{"start":{"line":240,"column":8},"end":{"line":240,"column":8}}]},"17":{"line":248,"type":"if","locations":[{"start":{"line":248,"column":8},"end":{"line":248,"column":8}},{"start":{"line":248,"column":8},"end":{"line":248,"column":8}}]},"18":{"line":249,"type":"if","locations":[{"start":{"line":249,"column":8},"end":{"line":249,"column":8}},{"start":{"line":249,"column":8},"end":{"line":249,"column":8}}]},"19":{"line":251,"type":"if","locations":[{"start":{"line":251,"column":8},"end":{"line":251,"column":8}},{"start":{"line":251,"column":8},"end":{"line":251,"column":8}}]},"20":{"line":252,"type":"if","locations":[{"start":{"line":252,"column":12},"end":{"line":252,"column":12}},{"start":{"line":252,"column":12},"end":{"line":252,"column":12}}]}}},
"contracts/FakeCompound.sol":{"l":{"23":2,"27":8,"28":8,"29":8,"33":6,"34":6,"35":6,"36":6,"40":24,"44":116,"48":116},"path":"/Users/will/Work/dForce/dip001/contracts/FakeCompound.sol","s":{"1":2,"2":8,"3":8,"4":8,"5":6,"6":6,"7":6,"8":6,"9":24,"10":116,"11":116},"b":{"1":[8,0],"2":[6,0],"3":[6,0]},"f":{"1":2,"2":8,"3":6,"4":24,"5":116,"6":116},"fnMap":{"1":{"name":"constructor","line":22,"loc":{"start":{"line":22,"column":1},"end":{"line":22,"column":37}}},"2":{"name":"mint","line":26,"loc":{"start":{"line":26,"column":1},"end":{"line":26,"column":54}}},"3":{"name":"redeemUnderlying","line":32,"loc":{"start":{"line":32,"column":1},"end":{"line":32,"column":66}}},"4":{"name":"makeProfitToUser","line":39,"loc":{"start":{"line":39,"column":1},"end":{"line":39,"column":72}}},"5":{"name":"exchangeRateStored","line":43,"loc":{"start":{"line":43,"column":1},"end":{"line":43,"column":59}}},"6":{"name":"balanceOf","line":47,"loc":{"start":{"line":47,"column":1},"end":{"line":47,"column":65}}}},"statementMap":{"1":{"start":{"line":23,"column":2},"end":{"line":23,"column":15}},"2":{"start":{"line":27,"column":2},"end":{"line":27,"column":73}},"3":{"start":{"line":28,"column":2},"end":{"line":28,"column":33}},"4":{"start":{"line":29,"column":2},"end":{"line":29,"column":10}},"5":{"start":{"line":33,"column":2},"end":{"line":33,"column":71}},"6":{"start":{"line":34,"column":2},"end":{"line":34,"column":33}},"7":{"start":{"line":35,"column":2},"end":{"line":35,"column":86}},"8":{"start":{"line":36,"column":2},"end":{"line":36,"column":10}},"9":{"start":{"line":40,"column":2},"end":{"line":40,"column":64}},"10":{"start":{"line":44,"column":2},"end":{"line":44,"column":19}},"11":{"start":{"line":48,"column":2},"end":{"line":48,"column":25}}},"branchMap":{"1":{"line":27,"type":"if","locations":[{"start":{"line":27,"column":2},"end":{"line":27,"column":2}},{"start":{"line":27,"column":2},"end":{"line":27,"column":2}}]},"2":{"line":33,"type":"if","locations":[{"start":{"line":33,"column":2},"end":{"line":33,"column":2}},{"start":{"line":33,"column":2},"end":{"line":33,"column":2}}]},"3":{"line":35,"type":"if","locations":[{"start":{"line":35,"column":2},"end":{"line":35,"column":2}},{"start":{"line":35,"column":2},"end":{"line":35,"column":2}}]}}},
"contracts/FakeDeFi.sol":{"l":{"17":0,"21":0,"22":0,"26":0,"27":0,"28":0,"32":0,"36":0},"path":"/Users/will/Work/dForce/dip001/contracts/FakeDeFi.sol","s":{"1":0,"2":0,"3":0,"4":0,"5":0,"6":0,"7":0,"8":0},"b":{"1":[0,0],"2":[0,0],"3":[0,0]},"f":{"1":0,"2":0,"3":0,"4":0,"5":0},"fnMap":{"1":{"name":"constructor","line":16,"loc":{"start":{"line":16,"column":1},"end":{"line":16,"column":37}}},"2":{"name":"deposit","line":20,"loc":{"start":{"line":20,"column":1},"end":{"line":20,"column":45}}},"3":{"name":"withdraw","line":25,"loc":{"start":{"line":25,"column":1},"end":{"line":25,"column":46}}},"4":{"name":"makeProfitToUser","line":31,"loc":{"start":{"line":31,"column":1},"end":{"line":31,"column":51}}},"5":{"name":"getBalance","line":35,"loc":{"start":{"line":35,"column":1},"end":{"line":35,"column":67}}}},"statementMap":{"1":{"start":{"line":17,"column":2},"end":{"line":17,"column":15}},"2":{"start":{"line":21,"column":2},"end":{"line":21,"column":73}},"3":{"start":{"line":22,"column":2},"end":{"line":22,"column":33}},"4":{"start":{"line":26,"column":2},"end":{"line":26,"column":71}},"5":{"start":{"line":27,"column":2},"end":{"line":27,"column":33}},"6":{"start":{"line":28,"column":2},"end":{"line":28,"column":86}},"7":{"start":{"line":32,"column":2},"end":{"line":32,"column":46}},"8":{"start":{"line":36,"column":2},"end":{"line":36,"column":25}}},"branchMap":{"1":{"line":21,"type":"if","locations":[{"start":{"line":21,"column":2},"end":{"line":21,"column":2}},{"start":{"line":21,"column":2},"end":{"line":21,"column":2}}]},"2":{"line":26,"type":"if","locations":[{"start":{"line":26,"column":2},"end":{"line":26,"column":2}},{"start":{"line":26,"column":2},"end":{"line":26,"column":2}}]},"3":{"line":28,"type":"if","locations":[{"start":{"line":28,"column":2},"end":{"line":28,"column":2}},{"start":{"line":28,"column":2},"end":{"line":28,"column":2}}]}}},
"contracts/FakeDispatcher.sol":{"l":{"12":0,"16":0,"20":0,"24":0,"28":0},"path":"/Users/will/Work/dForce/dip001/contracts/FakeDispatcher.sol","s":{"1":0,"2":0,"3":0,"4":0,"5":0},"b":{},"f":{"1":0,"2":0,"3":0,"4":0,"5":0},"fnMap":{"1":{"name":"setFund","line":11,"loc":{"start":{"line":11,"column":4},"end":{"line":11,"column":42}}},"2":{"name":"setProfitB","line":15,"loc":{"start":{"line":15,"column":4},"end":{"line":15,"column":45}}},"3":{"name":"getFund","line":19,"loc":{"start":{"line":19,"column":1},"end":{"line":19,"column":52}}},"4":{"name":"getProfitBeneficiary","line":23,"loc":{"start":{"line":23,"column":1},"end":{"line":23,"column":65}}},"5":{"name":"callWithdraw","line":27,"loc":{"start":{"line":27,"column":1},"end":{"line":27,"column":63}}}},"statementMap":{"1":{"start":{"line":12,"column":8},"end":{"line":12,"column":23}},"2":{"start":{"line":16,"column":8},"end":{"line":16,"column":32}},"3":{"start":{"line":20,"column":2},"end":{"line":20,"column":17}},"4":{"start":{"line":24,"column":2},"end":{"line":24,"column":26}},"5":{"start":{"line":28,"column":5},"end":{"line":28,"column":58}}},"branchMap":{}},
"contracts/FakeLendFMe.sol":{"l":{"23":2,"27":6,"28":6,"29":6,"33":6,"34":6,"35":6,"36":6,"40":48,"41":26,"43":22,"47":207},"path":"/Users/will/Work/dForce/dip001/contracts/FakeLendFMe.sol","s":{"1":2,"2":6,"3":6,"4":6,"5":6,"6":6,"7":6,"8":6,"9":48,"10":26,"11":22,"12":207},"b":{"1":[6,0],"2":[6,0],"3":[6,0],"4":[26,22]},"f":{"1":2,"2":6,"3":6,"4":48,"5":207},"fnMap":{"1":{"name":"constructor","line":22,"loc":{"start":{"line":22,"column":1},"end":{"line":22,"column":37}}},"2":{"name":"supply","line":26,"loc":{"start":{"line":26,"column":1},"end":{"line":26,"column":72}}},"3":{"name":"withdraw","line":32,"loc":{"start":{"line":32,"column":1},"end":{"line":32,"column":74}}},"4":{"name":"makeProfitToUser","line":39,"loc":{"start":{"line":39,"column":1},"end":{"line":39,"column":73}}},"5":{"name":"getSupplyBalance","line":46,"loc":{"start":{"line":46,"column":1},"end":{"line":46,"column":90}}}},"statementMap":{"1":{"start":{"line":23,"column":2},"end":{"line":23,"column":15}},"2":{"start":{"line":27,"column":2},"end":{"line":27,"column":73}},"3":{"start":{"line":28,"column":2},"end":{"line":28,"column":33}},"4":{"start":{"line":29,"column":2},"end":{"line":29,"column":10}},"5":{"start":{"line":33,"column":2},"end":{"line":33,"column":71}},"6":{"start":{"line":34,"column":2},"end":{"line":34,"column":33}},"7":{"start":{"line":35,"column":2},"end":{"line":35,"column":86}},"8":{"start":{"line":36,"column":2},"end":{"line":36,"column":10}},"9":{"start":{"line":40,"column":2},"end":{"line":40,"column":1516}},"10":{"start":{"line":41,"column":3},"end":{"line":41,"column":9}},"11":{"start":{"line":43,"column":2},"end":{"line":43,"column":65}},"12":{"start":{"line":47,"column":2},"end":{"line":47,"column":24}}},"branchMap":{"1":{"line":27,"type":"if","locations":[{"start":{"line":27,"column":2},"end":{"line":27,"column":2}},{"start":{"line":27,"column":2},"end":{"line":27,"column":2}}]},"2":{"line":33,"type":"if","locations":[{"start":{"line":33,"column":2},"end":{"line":33,"column":2}},{"start":{"line":33,"column":2},"end":{"line":33,"column":2}}]},"3":{"line":35,"type":"if","locations":[{"start":{"line":35,"column":2},"end":{"line":35,"column":2}},{"start":{"line":35,"column":2},"end":{"line":35,"column":2}}]},"4":{"line":40,"type":"if","locations":[{"start":{"line":40,"column":2},"end":{"line":40,"column":2}},{"start":{"line":40,"column":2},"end":{"line":40,"column":2}}]}}},
"contracts/interface/IDispatcher.sol":{"l":{},"path":"/Users/will/Work/dForce/dip001/contracts/interface/IDispatcher.sol","s":{},"b":{},"f":{},"fnMap":{},"statementMap":{},"branchMap":{}},
"contracts/interface/IDispatcherEntrance.sol":{"l":{},"path":"/Users/will/Work/dForce/dip001/contracts/interface/IDispatcherEntrance.sol","s":{},"b":{},"f":{},"fnMap":{},"statementMap":{},"branchMap":{}},
"contracts/interface/IERC20.sol":{"l":{},"path":"/Users/will/Work/dForce/dip001/contracts/interface/IERC20.sol","s":{},"b":{},"f":{},"fnMap":{},"statementMap":{},"branchMap":{}},
"contracts/interface/ITargetHandler.sol":{"l":{},"path":"/Users/will/Work/dForce/dip001/contracts/interface/ITargetHandler.sol","s":{},"b":{},"f":{},"fnMap":{},"statementMap":{},"branchMap":{}},
"contracts/lendFMeHandler/lendFMeHandler.sol":{"l":{"25":4,"26":4,"27":4,"32":4,"37":6,"38":6,"39":6,"40":6,"43":0,"47":4,"48":0,"50":4,"51":4,"52":4,"56":2,"57":2,"58":0,"59":0,"61":2,"65":2,"66":2,"67":2,"68":2,"69":2,"70":2,"74":2,"75":2,"76":1,"78":2,"82":207,"86":296,"90":60,"91":60,"92":60,"93":60,"94":0,"96":60,"97":60,"98":60,"103":4,"107":0,"111":0},"path":"/Users/will/Work/dForce/dip001/contracts/lendFMeHandler/lendFMeHandler.sol","s":{"1":4,"2":4,"3":4,"4":4,"5":6,"6":6,"7":6,"8":6,"9":0,"10":4,"11":0,"12":4,"13":4,"14":4,"15":2,"16":2,"17":0,"18":0,"19":2,"20":2,"21":2,"22":2,"23":2,"24":2,"25":2,"26":2,"27":2,"28":1,"29":2,"30":207,"31":296,"32":60,"33":60,"34":60,"35":60,"36":0,"37":60,"38":60,"39":60,"40":4,"41":0,"42":0},"b":{"1":[6,0],"2":[6,0],"3":[0,4],"4":[0,2],"5":[2,0],"6":[2,0],"7":[1,1],"8":[0,60]},"f":{"1":4,"2":4,"3":6,"4":4,"5":2,"6":2,"7":207,"8":296,"9":60,"10":4,"11":0,"12":0},"fnMap":{"1":{"name":"constructor","line":24,"loc":{"start":{"line":24,"column":1},"end":{"line":24,"column":58}}},"2":{"name":"setDispatcher","line":31,"loc":{"start":{"line":31,"column":1},"end":{"line":31,"column":59}}},"3":{"name":"deposit","line":36,"loc":{"start":{"line":36,"column":1},"end":{"line":36,"column":68}}},"4":{"name":"withdraw","line":46,"loc":{"start":{"line":46,"column":1},"end":{"line":46,"column":68}}},"5":{"name":"withdrawProfit","line":55,"loc":{"start":{"line":55,"column":1},"end":{"line":55,"column":58}}},"6":{"name":"drainFunds","line":64,"loc":{"start":{"line":64,"column":1},"end":{"line":64,"column":55}}},"7":{"name":"getBalance","line":81,"loc":{"start":{"line":81,"column":1},"end":{"line":81,"column":53}}},"8":{"name":"getPrinciple","line":85,"loc":{"start":{"line":85,"column":1},"end":{"line":85,"column":55}}},"9":{"name":"getProfit","line":89,"loc":{"start":{"line":89,"column":1},"end":{"line":89,"column":52}}},"10":{"name":"getTargetAddress","line":102,"loc":{"start":{"line":102,"column":1},"end":{"line":102,"column":59}}},"11":{"name":"getToken","line":106,"loc":{"start":{"line":106,"column":1},"end":{"line":106,"column":53}}},"12":{"name":"getDispatcher","line":110,"loc":{"start":{"line":110,"column":1},"end":{"line":110,"column":56}}}},"statementMap":{"1":{"start":{"line":25,"column":2},"end":{"line":25,"column":25}},"2":{"start":{"line":26,"column":2},"end":{"line":26,"column":15}},"3":{"start":{"line":27,"column":2},"end":{"line":27,"column":48}},"4":{"start":{"line":32,"column":2},"end":{"line":32,"column":25}},"5":{"start":{"line":37,"column":2},"end":{"line":37,"column":1009}},"6":{"start":{"line":38,"column":3},"end":{"line":38,"column":1071}},"7":{"start":{"line":39,"column":4},"end":{"line":39,"column":39}},"8":{"start":{"line":40,"column":4},"end":{"line":40,"column":12}},"9":{"start":{"line":43,"column":2},"end":{"line":43,"column":10}},"10":{"start":{"line":47,"column":2},"end":{"line":47,"column":1288}},"11":{"start":{"line":48,"column":3},"end":{"line":48,"column":11}},"12":{"start":{"line":50,"column":2},"end":{"line":50,"column":68}},"13":{"start":{"line":51,"column":2},"end":{"line":51,"column":37}},"14":{"start":{"line":52,"column":2},"end":{"line":52,"column":10}},"15":{"start":{"line":56,"column":2},"end":{"line":56,"column":31}},"16":{"start":{"line":57,"column":2},"end":{"line":57,"column":1611}},"17":{"start":{"line":58,"column":3},"end":{"line":58,"column":81}},"18":{"start":{"line":59,"column":3},"end":{"line":59,"column":11}},"19":{"start":{"line":61,"column":2},"end":{"line":61,"column":10}},"20":{"start":{"line":65,"column":2},"end":{"line":65,"column":31}},"21":{"start":{"line":66,"column":2},"end":{"line":66,"column":1902}},"22":{"start":{"line":67,"column":3},"end":{"line":67,"column":55}},"23":{"start":{"line":68,"column":3},"end":{"line":68,"column":1981}},"24":{"start":{"line":69,"column":4},"end":{"line":69,"column":71}},"25":{"start":{"line":70,"column":4},"end":{"line":70,"column":16}},"26":{"start":{"line":74,"column":2},"end":{"line":74,"column":57}},"27":{"start":{"line":75,"column":2},"end":{"line":75,"column":2165}},"28":{"start":{"line":76,"column":3},"end":{"line":76,"column":80}},"29":{"start":{"line":78,"column":2},"end":{"line":78,"column":10}},"30":{"start":{"line":82,"column":2},"end":{"line":82,"column":77}},"31":{"start":{"line":86,"column":2},"end":{"line":86,"column":18}},"32":{"start":{"line":90,"column":5},"end":{"line":90,"column":36}},"33":{"start":{"line":91,"column":5},"end":{"line":91,"column":40}},"34":{"start":{"line":92,"column":5},"end":{"line":92,"column":61}},"35":{"start":{"line":93,"column":5},"end":{"line":93,"column":2709}},"36":{"start":{"line":94,"column":9},"end":{"line":94,"column":17}},"37":{"start":{"line":96,"column":6},"end":{"line":96,"column":50}},"38":{"start":{"line":97,"column":6},"end":{"line":97,"column":40}},"39":{"start":{"line":98,"column":9},"end":{"line":98,"column":24}},"40":{"start":{"line":103,"column":2},"end":{"line":103,"column":19}},"41":{"start":{"line":107,"column":2},"end":{"line":107,"column":14}},"42":{"start":{"line":111,"column":2},"end":{"line":111,"column":19}}},"branchMap":{"1":{"line":37,"type":"if","locations":[{"start":{"line":37,"column":2},"end":{"line":37,"column":2}},{"start":{"line":37,"column":2},"end":{"line":37,"column":2}}]},"2":{"line":38,"type":"if","locations":[{"start":{"line":38,"column":3},"end":{"line":38,"column":3}},{"start":{"line":38,"column":3},"end":{"line":38,"column":3}}]},"3":{"line":47,"type":"if","locations":[{"start":{"line":47,"column":2},"end":{"line":47,"column":2}},{"start":{"line":47,"column":2},"end":{"line":47,"column":2}}]},"4":{"line":57,"type":"if","locations":[{"start":{"line":57,"column":2},"end":{"line":57,"column":2}},{"start":{"line":57,"column":2},"end":{"line":57,"column":2}}]},"5":{"line":66,"type":"if","locations":[{"start":{"line":66,"column":2},"end":{"line":66,"column":2}},{"start":{"line":66,"column":2},"end":{"line":66,"column":2}}]},"6":{"line":68,"type":"if","locations":[{"start":{"line":68,"column":3},"end":{"line":68,"column":3}},{"start":{"line":68,"column":3},"end":{"line":68,"column":3}}]},"7":{"line":75,"type":"if","locations":[{"start":{"line":75,"column":2},"end":{"line":75,"column":2}},{"start":{"line":75,"column":2},"end":{"line":75,"column":2}}]},"8":{"line":93,"type":"if","locations":[{"start":{"line":93,"column":5},"end":{"line":93,"column":5}},{"start":{"line":93,"column":5},"end":{"line":93,"column":5}}]}}},
"contracts/TargetHandler.sol":{"l":{"16":0,"19":0,"32":0,"33":0,"34":0,"38":0,"39":0,"44":0,"45":0,"46":0,"47":0,"52":0,"55":0,"56":0,"57":0,"60":0,"61":0,"62":0,"66":0,"67":0,"68":0,"69":0,"73":0,"74":0,"75":0,"78":0,"79":0,"81":0,"82":0,"83":0,"87":0,"91":0,"95":0,"99":0,"103":0,"107":0},"path":"/Users/will/Work/dForce/dip001/contracts/TargetHandler.sol","s":{"1":0,"2":0,"3":0,"4":0,"5":0,"6":0,"7":0,"8":0,"9":0,"10":0,"11":0,"12":0,"13":0,"14":0,"15":0,"16":0,"17":0,"18":0,"19":0,"20":0,"21":0,"22":0,"23":0,"24":0,"25":0,"26":0,"27":0,"28":0,"29":0,"30":0,"31":0,"32":0,"33":0,"34":0,"35":0,"36":0},"b":{"1":[0,0],"2":[0,0],"3":[0,0],"4":[0,0],"5":[0,0]},"f":{"1":0,"2":0,"3":0,"4":0,"5":0,"6":0,"7":0,"8":0,"9":0,"10":0,"11":0,"12":0,"13":0,"14":0},"fnMap":{"1":{"name":"add","line":15,"loc":{"start":{"line":15,"column":4},"end":{"line":15,"column":61}}},"2":{"name":"sub","line":18,"loc":{"start":{"line":18,"column":4},"end":{"line":18,"column":61}}},"3":{"name":"constructor","line":31,"loc":{"start":{"line":31,"column":1},"end":{"line":31,"column":58}}},"4":{"name":"setDispatcher","line":37,"loc":{"start":{"line":37,"column":1},"end":{"line":37,"column":74}}},"5":{"name":"deposit","line":43,"loc":{"start":{"line":43,"column":1},"end":{"line":43,"column":47}}},"6":{"name":"withdraw","line":51,"loc":{"start":{"line":51,"column":1},"end":{"line":51,"column":69}}},"7":{"name":"withdrawProfit","line":65,"loc":{"start":{"line":65,"column":1},"end":{"line":65,"column":54}}},"8":{"name":"drainFunds","line":72,"loc":{"start":{"line":72,"column":1},"end":{"line":72,"column":50}}},"9":{"name":"getBalance","line":86,"loc":{"start":{"line":86,"column":1},"end":{"line":86,"column":53}}},"10":{"name":"getPrinciple","line":90,"loc":{"start":{"line":90,"column":1},"end":{"line":90,"column":55}}},"11":{"name":"getProfit","line":94,"loc":{"start":{"line":94,"column":1},"end":{"line":94,"column":52}}},"12":{"name":"getTargetAddress","line":98,"loc":{"start":{"line":98,"column":1},"end":{"line":98,"column":59}}},"13":{"name":"getToken","line":102,"loc":{"start":{"line":102,"column":1},"end":{"line":102,"column":53}}},"14":{"name":"getDispatcher","line":106,"loc":{"start":{"line":106,"column":1},"end":{"line":106,"column":58}}}},"statementMap":{"1":{"start":{"line":16,"column":8},"end":{"line":16,"column":56}},"2":{"start":{"line":19,"column":8},"end":{"line":19,"column":57}},"3":{"start":{"line":32,"column":2},"end":{"line":32,"column":25}},"4":{"start":{"line":33,"column":2},"end":{"line":33,"column":15}},"5":{"start":{"line":34,"column":2},"end":{"line":34,"column":48}},"6":{"start":{"line":38,"column":2},"end":{"line":38,"column":25}},"7":{"start":{"line":39,"column":2},"end":{"line":39,"column":13}},"8":{"start":{"line":44,"column":2},"end":{"line":44,"column":57}},"9":{"start":{"line":45,"column":2},"end":{"line":45,"column":34}},"10":{"start":{"line":46,"column":2},"end":{"line":46,"column":34}},"11":{"start":{"line":47,"column":2},"end":{"line":47,"column":10}},"12":{"start":{"line":52,"column":2},"end":{"line":52,"column":63}},"13":{"start":{"line":55,"column":2},"end":{"line":55,"column":64}},"14":{"start":{"line":56,"column":2},"end":{"line":56,"column":1667}},"15":{"start":{"line":57,"column":3},"end":{"line":57,"column":54}},"16":{"start":{"line":60,"column":2},"end":{"line":60,"column":36}},"17":{"start":{"line":61,"column":2},"end":{"line":61,"column":68}},"18":{"start":{"line":62,"column":2},"end":{"line":62,"column":10}},"19":{"start":{"line":66,"column":2},"end":{"line":66,"column":31}},"20":{"start":{"line":67,"column":2},"end":{"line":67,"column":36}},"21":{"start":{"line":68,"column":2},"end":{"line":68,"column":80}},"22":{"start":{"line":69,"column":2},"end":{"line":69,"column":10}},"23":{"start":{"line":73,"column":2},"end":{"line":73,"column":63}},"24":{"start":{"line":74,"column":2},"end":{"line":74,"column":31}},"25":{"start":{"line":75,"column":2},"end":{"line":75,"column":35}},"26":{"start":{"line":78,"column":2},"end":{"line":78,"column":69}},"27":{"start":{"line":79,"column":2},"end":{"line":79,"column":14}},"28":{"start":{"line":81,"column":2},"end":{"line":81,"column":57}},"29":{"start":{"line":82,"column":2},"end":{"line":82,"column":79}},"30":{"start":{"line":83,"column":2},"end":{"line":83,"column":10}},"31":{"start":{"line":87,"column":2},"end":{"line":87,"column":52}},"32":{"start":{"line":91,"column":2},"end":{"line":91,"column":18}},"33":{"start":{"line":95,"column":2},"end":{"line":95,"column":41}},"34":{"start":{"line":99,"column":2},"end":{"line":99,"column":19}},"35":{"start":{"line":103,"column":2},"end":{"line":103,"column":14}},"36":{"start":{"line":107,"column":2},"end":{"line":107,"column":19}}},"branchMap":{"1":{"line":16,"type":"if","locations":[{"start":{"line":16,"column":8},"end":{"line":16,"column":8}},{"start":{"line":16,"column":8},"end":{"line":16,"column":8}}]},"2":{"line":19,"type":"if","locations":[{"start":{"line":19,"column":8},"end":{"line":19,"column":8}},{"start":{"line":19,"column":8},"end":{"line":19,"column":8}}]},"3":{"line":52,"type":"if","locations":[{"start":{"line":52,"column":2},"end":{"line":52,"column":2}},{"start":{"line":52,"column":2},"end":{"line":52,"column":2}}]},"4":{"line":56,"type":"if","locations":[{"start":{"line":56,"column":2},"end":{"line":56,"column":2}},{"start":{"line":56,"column":2},"end":{"line":56,"column":2}}]},"5":{"line":73,"type":"if","locations":[{"start":{"line":73,"column":2},"end":{"line":73,"column":2}},{"start":{"line":73,"column":2},"end":{"line":73,"column":2}}]}}},
"contracts/usdxSaver.sol":{"l":{"20":0,"23":0,"33":2,"37":0,"41":4,"45":14,"46":14},"path":"/Users/will/Work/dForce/dip001/contracts/usdxSaver.sol","s":{"1":0,"2":0,"3":2,"4":0,"5":4,"6":14,"7":14},"b":{"1":[0,0],"2":[0,0],"3":[0,0],"4":[4,0],"5":[14,0]},"f":{"1":0,"2":0,"3":2,"4":0,"5":4,"6":14},"fnMap":{"1":{"name":"add","line":19,"loc":{"start":{"line":19,"column":4},"end":{"line":19,"column":61}}},"2":{"name":"sub","line":22,"loc":{"start":{"line":22,"column":4},"end":{"line":22,"column":61}}},"3":{"name":"constructor","line":32,"loc":{"start":{"line":32,"column":1},"end":{"line":32,"column":37}}},"4":{"name":"deposit","line":36,"loc":{"start":{"line":36,"column":4},"end":{"line":36,"column":43}}},"5":{"name":"withdraw","line":40,"loc":{"start":{"line":40,"column":4},"end":{"line":40,"column":44}}},"6":{"name":"transferOut","line":44,"loc":{"start":{"line":44,"column":4},"end":{"line":44,"column":88}}}},"statementMap":{"1":{"start":{"line":20,"column":8},"end":{"line":20,"column":56}},"2":{"start":{"line":23,"column":8},"end":{"line":23,"column":57}},"3":{"start":{"line":33,"column":2},"end":{"line":33,"column":15}},"4":{"start":{"line":37,"column":8},"end":{"line":37,"column":78}},"5":{"start":{"line":41,"column":8},"end":{"line":41,"column":59}},"6":{"start":{"line":45,"column":8},"end":{"line":45,"column":54}},"7":{"start":{"line":46,"column":8},"end":{"line":46,"column":19}}},"branchMap":{"1":{"line":20,"type":"if","locations":[{"start":{"line":20,"column":8},"end":{"line":20,"column":8}},{"start":{"line":20,"column":8},"end":{"line":20,"column":8}}]},"2":{"line":23,"type":"if","locations":[{"start":{"line":23,"column":8},"end":{"line":23,"column":8}},{"start":{"line":23,"column":8},"end":{"line":23,"column":8}}]},"3":{"line":37,"type":"if","locations":[{"start":{"line":37,"column":8},"end":{"line":37,"column":8}},{"start":{"line":37,"column":8},"end":{"line":37,"column":8}}]},"4":{"line":41,"type":"if","locations":[{"start":{"line":41,"column":8},"end":{"line":41,"column":8}},{"start":{"line":41,"column":8},"end":{"line":41,"column":8}}]},"5":{"line":45,"type":"if","locations":[{"start":{"line":45,"column":8},"end":{"line":45,"column":8}},{"start":{"line":45,"column":8},"end":{"line":45,"column":8}}]}}}}
