TN:
SF:/Users/will/Work/dForce/dip001/contracts/CompoundHandler/CompoundHandler.sol
FN:22,constructor
FN:28,setDispatcher
FN:33,deposit
FN:44,withdraw
FN:53,withdrawProfit
FN:64,drainFunds
FN:81,getBalance
FN:86,getPrinciple
FN:90,getProfit
FN:103,getTargetAddress
FN:107,getToken
FN:111,getDispatcher
FNF:12
FNH:9
FNDA:2,constructor
FNDA:2,setDispatcher
FNDA:8,deposit
FNDA:2,withdraw
FNDA:0,withdrawProfit
FNDA:4,drainFunds
FNDA:116,getBalance
FNDA:168,getPrinciple
FNDA:32,getProfit
FNDA:4,getTargetAddress
FNDA:0,getToken
FNDA:0,getDispatcher
DA:23,2
DA:24,2
DA:25,2
DA:29,2
DA:34,8
DA:35,8
DA:36,8
DA:37,8
DA:40,0
DA:45,2
DA:46,0
DA:48,2
DA:49,2
DA:50,2
DA:54,0
DA:55,0
DA:56,0
DA:57,0
DA:59,0
DA:61,0
DA:65,4
DA:66,4
DA:67,4
DA:68,4
DA:69,4
DA:70,4
DA:74,4
DA:75,4
DA:76,2
DA:78,4
DA:82,116
DA:83,116
DA:87,168
DA:91,32
DA:92,32
DA:93,32
DA:94,32
DA:95,0
DA:97,32
DA:98,32
DA:99,32
DA:104,4
DA:108,0
DA:112,0
LF:44
LH:33
BRDA:34,1,0,8
BRDA:34,1,1,0
BRDA:35,2,0,8
BRDA:35,2,1,0
BRDA:45,3,0,0
BRDA:45,3,1,2
BRDA:55,4,0,0
BRDA:55,4,1,0
BRDA:56,5,0,0
BRDA:56,5,1,0
BRDA:66,6,0,4
BRDA:66,6,1,0
BRDA:68,7,0,4
BRDA:68,7,1,0
BRDA:75,8,0,2
BRDA:75,8,1,2
BRDA:94,9,0,0
BRDA:94,9,1,32
BRF:18
BRH:8
end_of_record
TN:
SF:/Users/will/Work/dForce/dip001/contracts/Dispatcher.sol
FN:13,add
FN:16,sub
FN:19,mul
FN:41,constructor
FN:62,trigger
FN:84,internalDeposit
FN:116,withdrawPrinciple
FN:144,withdrawProfit
FN:155,drainFunds
FN:163,getReserve
FN:167,getReserveRatio
FN:177,getPrinciple
FN:184,getBalance
FN:191,getProfit
FN:195,getTHPrinciple
FN:199,getTHBalance
FN:203,getTHProfit
FN:207,getTHData
FN:212,getFund
FN:216,getToken
FN:220,getProfitBeneficiary
FN:224,getReserveUpperLimit
FN:228,getReserveLowerLimit
FN:232,getExecuteUnit
FN:236,getPropotion
FN:247,getTHCount
FN:251,getTHAddress
FN:255,getTargetAddress
FN:259,getTHStructures
FN:276,setAimedPropotion
FN:293,removeTargetHandler
FN:304,addTargetHandler
FN:315,setReserveUpperLimit
FN:321,setReserveLowerLimit
FN:327,setExecuteUnit
FN:332,setProfitBeneficiary
FNF:36
FNH:29
FNDA:451,add
FNDA:28,sub
FNDA:28,mul
FNDA:2,constructor
FNDA:16,trigger
FNDA:10,internalDeposit
FNDA:4,withdrawPrinciple
FNDA:6,withdrawProfit
FNDA:6,drainFunds
FNDA:112,getReserve
FNDA:48,getReserveRatio
FNDA:126,getPrinciple
FNDA:72,getBalance
FNDA:24,getProfit
FNDA:327,getTHPrinciple
FNDA:180,getTHBalance
FNDA:45,getTHProfit
FNDA:0,getTHData
FNDA:12,getFund
FNDA:0,getToken
FNDA:3,getProfitBeneficiary
FNDA:48,getReserveUpperLimit
FNDA:48,getReserveLowerLimit
FNDA:140,getExecuteUnit
FNDA:0,getPropotion
FNDA:0,getTHCount
FNDA:0,getTHAddress
FNDA:0,getTargetAddress
FNDA:48,getTHStructures
FNDA:8,setAimedPropotion
FNDA:14,removeTargetHandler
FNDA:6,addTargetHandler
FNDA:2,setReserveUpperLimit
FNDA:2,setReserveLowerLimit
FNDA:0,setExecuteUnit
FNDA:4,setProfitBeneficiary
DA:14,451
DA:17,28
DA:20,28
DA:42,2
DA:43,2
DA:44,2
DA:45,2
DA:46,2
DA:47,2
DA:48,2
DA:49,2
DA:51,2
DA:52,2
DA:53,2
DA:55,2
DA:58,2
DA:59,2
DA:63,16
DA:64,16
DA:65,16
DA:66,16
DA:67,16
DA:68,16
DA:69,10
DA:70,10
DA:71,10
DA:72,10
DA:75,4
DA:76,4
DA:77,4
DA:78,4
DA:81,16
DA:85,10
DA:86,10
DA:87,10
DA:88,10
DA:89,10
DA:90,10
DA:91,10
DA:92,10
DA:93,22
DA:94,22
DA:95,22
DA:96,22
DA:97,22
DA:98,22
DA:99,6
DA:101,16
DA:102,16
DA:103,8
DA:104,8
DA:106,8
DA:108,16
DA:109,14
DA:110,14
DA:117,4
DA:118,4
DA:119,4
DA:120,4
DA:121,4
DA:122,4
DA:123,4
DA:124,4
DA:125,6
DA:126,6
DA:127,6
DA:128,6
DA:129,6
DA:130,0
DA:132,6
DA:133,6
DA:134,0
DA:135,0
DA:137,6
DA:139,6
DA:145,6
DA:146,2
DA:147,2
DA:148,2
DA:149,2
DA:150,2
DA:152,2
DA:156,6
DA:157,6
DA:158,6
DA:159,6
DA:164,112
DA:168,48
DA:169,48
DA:170,48
DA:171,2
DA:173,46
DA:178,126
DA:179,126
DA:180,240
DA:185,72
DA:186,72
DA:187,135
DA:192,24
DA:196,327
DA:200,180
DA:204,45
DA:208,0
DA:209,0
DA:213,12
DA:217,0
DA:221,3
DA:225,48
DA:229,48
DA:233,140
DA:237,0
DA:238,0
DA:239,0
DA:240,0
DA:241,0
DA:242,0
DA:244,0
DA:248,0
DA:252,0
DA:256,0
DA:260,48
DA:261,48
DA:262,48
DA:263,48
DA:264,48
DA:266,48
DA:267,90
DA:268,90
DA:269,90
DA:270,90
DA:272,48
DA:277,8
DA:278,8
DA:279,8
DA:280,8
DA:281,8
DA:282,16
DA:284,8
DA:285,8
DA:286,16
DA:287,16
DA:288,16
DA:290,8
DA:294,14
DA:295,14
DA:296,14
DA:297,14
DA:298,14
DA:299,6
DA:300,6
DA:301,6
DA:305,6
DA:306,6
DA:307,6
DA:308,8
DA:309,8
DA:311,6
DA:312,6
DA:316,2
DA:317,2
DA:318,2
DA:322,2
DA:323,2
DA:324,2
DA:328,0
DA:329,0
DA:333,4
DA:334,4
LF:168
LH:150
BRDA:14,1,0,451
BRDA:14,1,1,0
BRDA:17,2,0,28
BRDA:17,2,1,0
BRDA:20,3,0,28
BRDA:20,3,1,0
BRDA:45,4,0,2
BRDA:45,4,1,0
BRDA:51,5,0,2
BRDA:51,5,1,0
BRDA:68,6,0,10
BRDA:68,6,1,6
BRDA:71,7,0,10
BRDA:71,7,1,0
BRDA:74,8,0,4
BRDA:74,8,1,2
BRDA:77,9,0,4
BRDA:77,9,1,0
BRDA:98,10,0,6
BRDA:98,10,1,16
BRDA:102,11,0,8
BRDA:102,11,1,8
BRDA:108,12,0,14
BRDA:108,12,1,2
BRDA:129,13,0,0
BRDA:129,13,1,6
BRDA:133,14,0,0
BRDA:133,14,1,6
BRDA:145,15,0,2
BRDA:145,15,1,4
BRDA:156,16,0,6
BRDA:156,16,1,0
BRDA:170,17,0,2
BRDA:170,17,1,46
BRDA:277,18,0,8
BRDA:277,18,1,0
BRDA:284,19,0,8
BRDA:284,19,1,0
BRDA:295,20,0,14
BRDA:295,20,1,0
BRDA:296,21,0,14
BRDA:296,21,1,0
BRDA:297,22,0,14
BRDA:297,22,1,0
BRDA:298,23,0,6
BRDA:298,23,1,8
BRDA:309,24,0,8
BRDA:309,24,1,0
BRDA:316,25,0,2
BRDA:316,25,1,0
BRDA:322,26,0,2
BRDA:322,26,1,0
BRF:52
BRH:34
end_of_record
TN:
SF:/Users/will/Work/dForce/dip001/contracts/DispatcherEntrance.sol
FN:10,onlySupportedPair
FN:15,registDispatcher
FN:19,trigger
FN:23,withdrawProfit
FN:27,getDispatcher
FN:31,getReserve
FN:35,getReserveRatio
FN:39,getPrinciple
FN:43,getBalance
FN:47,getProfit
FN:51,getTHPrinciple
FN:55,getTHBalance
FN:59,getTHProfit
FNF:13
FNH:0
FNDA:0,onlySupportedPair
FNDA:0,registDispatcher
FNDA:0,trigger
FNDA:0,withdrawProfit
FNDA:0,getDispatcher
FNDA:0,getReserve
FNDA:0,getReserveRatio
FNDA:0,getPrinciple
FNDA:0,getBalance
FNDA:0,getProfit
FNDA:0,getTHPrinciple
FNDA:0,getTHBalance
FNDA:0,getTHProfit
DA:11,0
DA:12,0
DA:16,0
DA:20,0
DA:24,0
DA:28,0
DA:32,0
DA:36,0
DA:40,0
DA:44,0
DA:48,0
DA:52,0
DA:56,0
DA:60,0
LF:14
LH:0
BRDA:11,1,0,0
BRDA:11,1,1,0
BRF:2
BRH:0
end_of_record
TN:
SF:/Users/will/Work/dForce/dip001/contracts/DSLibrary/DSAuth.sol
FN:33,constructor
FN:39,disableOwnership
FN:44,transferOwnership
FN:49,acceptOwnership
FN:57,setAuthority
FN:65,onlyOwner
FN:70,isOwner
FN:74,auth
FN:79,isAuthorized
FNF:9
FNH:6
FNDA:12,constructor
FNDA:0,disableOwnership
FNDA:0,transferOwnership
FNDA:0,acceptOwnership
FNDA:8,setAuthority
FNDA:8,onlyOwner
FNDA:8,isOwner
FNDA:96,auth
FNDA:96,isAuthorized
DA:34,12
DA:35,12
DA:40,0
DA:41,0
DA:45,0
DA:46,0
DA:50,0
DA:51,0
DA:52,0
DA:53,0
DA:61,8
DA:62,8
DA:66,8
DA:67,8
DA:71,8
DA:75,96
DA:76,96
DA:80,96
DA:81,0
DA:83,68
DA:85,0
DA:87,28
LF:22
LH:12
BRDA:45,1,0,0
BRDA:45,1,1,0
BRDA:50,2,0,0
BRDA:50,2,1,0
BRDA:66,3,0,8
BRDA:66,3,1,0
BRDA:75,4,0,96
BRDA:75,4,1,0
BRDA:80,5,0,0
BRDA:80,5,1,96
BRDA:82,6,0,68
BRDA:82,6,1,28
BRDA:84,7,0,0
BRDA:84,7,1,28
BRF:14
BRH:6
end_of_record
TN:
SF:/Users/will/Work/dForce/dip001/contracts/DSLibrary/DSGuard.sol
FN:41,canCall
FN:57,_permit
FN:62,_forbid
FN:67,permit
FN:70,permitx
FN:73,forbid
FN:76,forbidx
FNF:7
FNH:3
FNDA:28,canCall
FNDA:14,_permit
FNDA:0,_forbid
FNDA:0,permit
FNDA:14,permitx
FNDA:0,forbid
FNDA:0,forbidx
DA:44,28
DA:45,28
DA:47,28
DA:58,14
DA:59,14
DA:63,0
DA:64,0
DA:68,0
DA:71,14
DA:74,0
DA:77,0
LF:11
LH:6
BRF:0
BRH:0
end_of_record
TN:
SF:/Users/will/Work/dForce/dip001/contracts/DSLibrary/DSMath.sol
FN:19,add
FN:22,sub
FN:25,mul
FN:29,div
FN:34,min
FN:37,max
FN:56,wdiv
FN:94,pow
FNF:8
FNH:3
FNDA:97,add
FNDA:157,sub
FNDA:116,mul
FNDA:0,div
FNDA:0,min
FNDA:0,max
FNDA:0,wdiv
FNDA:0,pow
DA:20,97
DA:23,157
DA:26,116
DA:30,0
DA:31,0
DA:35,0
DA:38,0
DA:57,0
DA:95,0
DA:96,0
DA:99,0
DA:102,0
DA:105,0
DA:106,0
DA:107,0
DA:108,0
LF:16
LH:3
BRDA:20,1,0,97
BRDA:20,1,1,0
BRDA:23,2,0,157
BRDA:23,2,1,0
BRDA:26,3,0,116
BRDA:26,3,1,0
BRDA:30,4,0,0
BRDA:30,4,1,0
BRDA:95,5,0,0
BRDA:95,5,1,0
BRDA:98,6,0,0
BRDA:98,6,1,0
BRDA:101,7,0,0
BRDA:101,7,1,0
BRF:14
BRH:3
end_of_record
TN:
SF:/Users/will/Work/dForce/dip001/contracts/DSLibrary/DSToken.sol
FN:27,constructor
FN:32,setOwner
FN:41,setAuthority
FN:49,auth
FN:54,onlyOwner
FN:59,isOwner
FN:63,isAuthorized
FN:88,note
FN:108,stoppable
FN:112,stop
FN:115,start
FN:140,constructor
FN:144,totalSupply
FN:147,balanceOf
FN:150,allowance
FN:154,transfer
FN:158,transferFrom
FN:176,approve
FN:191,getDecimals
FN:195,constructor
FN:199,setName
FN:203,approvex
FN:207,approve
FN:212,transferFrom
FN:231,mint
FN:235,burn
FN:239,_mint
FN:247,_burn
FNF:28
FNH:11
FNDA:2,constructor
FNDA:0,setOwner
FNDA:0,setAuthority
FNDA:0,auth
FNDA:0,onlyOwner
FNDA:0,isOwner
FNDA:0,isAuthorized
FNDA:0,note
FNDA:77,stoppable
FNDA:0,stop
FNDA:0,start
FNDA:2,constructor
FNDA:0,totalSupply
FNDA:180,balanceOf
FNDA:0,allowance
FNDA:45,transfer
FNDA:0,transferFrom
FNDA:6,approve
FNDA:0,getDecimals
FNDA:2,constructor
FNDA:0,setName
FNDA:0,approvex
FNDA:6,approve
FNDA:59,transferFrom
FNDA:12,mint
FNDA:0,burn
FNDA:12,_mint
FNDA:0,_burn
DA:28,2
DA:29,2
DA:36,0
DA:37,0
DA:38,0
DA:45,0
DA:46,0
DA:50,0
DA:51,0
DA:55,0
DA:56,0
DA:60,0
DA:64,0
DA:65,0
DA:67,0
DA:69,0
DA:71,0
DA:73,0
DA:89,0
DA:90,0
DA:91,0
DA:93,0
DA:99,0
DA:101,0
DA:109,77
DA:110,77
DA:113,0
DA:116,0
DA:141,2
DA:145,0
DA:148,180
DA:151,0
DA:155,45
DA:162,0
DA:163,0
DA:164,0
DA:167,0
DA:168,0
DA:169,0
DA:171,0
DA:173,0
DA:177,6
DA:179,6
DA:181,6
DA:192,0
DA:196,2
DA:200,0
DA:204,0
DA:208,6
DA:209,6
DA:217,59
DA:218,0
DA:219,0
DA:222,59
DA:223,59
DA:224,59
DA:226,59
DA:228,59
DA:232,12
DA:236,0
DA:240,12
DA:242,12
DA:243,12
DA:244,12
DA:248,0
DA:249,0
DA:251,0
DA:252,0
DA:253,0
DA:256,0
DA:257,0
DA:258,0
LF:72
LH:24
BRDA:36,1,0,0
BRDA:36,1,1,0
BRDA:50,2,0,0
BRDA:50,2,1,0
BRDA:55,3,0,0
BRDA:55,3,1,0
BRDA:64,4,0,0
BRDA:64,4,1,0
BRDA:66,5,0,0
BRDA:66,5,1,0
BRDA:68,6,0,0
BRDA:68,6,1,0
BRDA:70,7,0,0
BRDA:70,7,1,0
BRDA:109,8,0,77
BRDA:109,8,1,0
BRDA:162,9,0,0
BRDA:162,9,1,0
BRDA:163,10,0,0
BRDA:163,10,1,0
BRDA:167,11,0,0
BRDA:167,11,1,0
BRDA:208,12,0,6
BRDA:208,12,1,0
BRDA:217,13,0,0
BRDA:217,13,1,59
BRDA:218,14,0,0
BRDA:218,14,1,0
BRDA:222,15,0,59
BRDA:222,15,1,0
BRDA:240,16,0,12
BRDA:240,16,1,0
BRDA:248,17,0,0
BRDA:248,17,1,0
BRDA:249,18,0,0
BRDA:249,18,1,0
BRDA:251,19,0,0
BRDA:251,19,1,0
BRDA:252,20,0,0
BRDA:252,20,1,0
BRF:40
BRH:5
end_of_record
TN:
SF:/Users/will/Work/dForce/dip001/contracts/FakeCompound.sol
FN:22,constructor
FN:26,mint
FN:32,redeemUnderlying
FN:39,makeProfitToUser
FN:43,exchangeRateStored
FN:47,balanceOf
FNF:6
FNH:6
FNDA:2,constructor
FNDA:8,mint
FNDA:6,redeemUnderlying
FNDA:24,makeProfitToUser
FNDA:116,exchangeRateStored
FNDA:116,balanceOf
DA:23,2
DA:27,8
DA:28,8
DA:29,8
DA:33,6
DA:34,6
DA:35,6
DA:36,6
DA:40,24
DA:44,116
DA:48,116
LF:11
LH:11
BRDA:27,1,0,8
BRDA:27,1,1,0
BRDA:33,2,0,6
BRDA:33,2,1,0
BRDA:35,3,0,6
BRDA:35,3,1,0
BRF:6
BRH:3
end_of_record
TN:
SF:/Users/will/Work/dForce/dip001/contracts/FakeDeFi.sol
FN:16,constructor
FN:20,deposit
FN:25,withdraw
FN:31,makeProfitToUser
FN:35,getBalance
FNF:5
FNH:0
FNDA:0,constructor
FNDA:0,deposit
FNDA:0,withdraw
FNDA:0,makeProfitToUser
FNDA:0,getBalance
DA:17,0
DA:21,0
DA:22,0
DA:26,0
DA:27,0
DA:28,0
DA:32,0
DA:36,0
LF:8
LH:0
BRDA:21,1,0,0
BRDA:21,1,1,0
BRDA:26,2,0,0
BRDA:26,2,1,0
BRDA:28,3,0,0
BRDA:28,3,1,0
BRF:6
BRH:0
end_of_record
TN:
SF:/Users/will/Work/dForce/dip001/contracts/FakeDispatcher.sol
FN:11,setFund
FN:15,setProfitB
FN:19,getFund
FN:23,getProfitBeneficiary
FN:27,callWithdraw
FNF:5
FNH:0
FNDA:0,setFund
FNDA:0,setProfitB
FNDA:0,getFund
FNDA:0,getProfitBeneficiary
FNDA:0,callWithdraw
DA:12,0
DA:16,0
DA:20,0
DA:24,0
DA:28,0
LF:5
LH:0
BRF:0
BRH:0
end_of_record
TN:
SF:/Users/will/Work/dForce/dip001/contracts/FakeLendFMe.sol
FN:22,constructor
FN:26,supply
FN:32,withdraw
FN:39,makeProfitToUser
FN:46,getSupplyBalance
FNF:5
FNH:5
FNDA:2,constructor
FNDA:6,supply
FNDA:6,withdraw
FNDA:48,makeProfitToUser
FNDA:207,getSupplyBalance
DA:23,2
DA:27,6
DA:28,6
DA:29,6
DA:33,6
DA:34,6
DA:35,6
DA:36,6
DA:40,48
DA:41,26
DA:43,22
DA:47,207
LF:12
LH:12
BRDA:27,1,0,6
BRDA:27,1,1,0
BRDA:33,2,0,6
BRDA:33,2,1,0
BRDA:35,3,0,6
BRDA:35,3,1,0
BRDA:40,4,0,26
BRDA:40,4,1,22
BRF:8
BRH:5
end_of_record
TN:
SF:/Users/will/Work/dForce/dip001/contracts/interface/IDispatcher.sol
FNF:0
FNH:0
LF:0
LH:0
BRF:0
BRH:0
end_of_record
TN:
SF:/Users/will/Work/dForce/dip001/contracts/interface/IDispatcherEntrance.sol
FNF:0
FNH:0
LF:0
LH:0
BRF:0
BRH:0
end_of_record
TN:
SF:/Users/will/Work/dForce/dip001/contracts/interface/IERC20.sol
FNF:0
FNH:0
LF:0
LH:0
BRF:0
BRH:0
end_of_record
TN:
SF:/Users/will/Work/dForce/dip001/contracts/interface/ITargetHandler.sol
FNF:0
FNH:0
LF:0
LH:0
BRF:0
BRH:0
end_of_record
TN:
SF:/Users/will/Work/dForce/dip001/contracts/lendFMeHandler/lendFMeHandler.sol
FN:24,constructor
FN:31,setDispatcher
FN:36,deposit
FN:46,withdraw
FN:55,withdrawProfit
FN:64,drainFunds
FN:81,getBalance
FN:85,getPrinciple
FN:89,getProfit
FN:102,getTargetAddress
FN:106,getToken
FN:110,getDispatcher
FNF:12
FNH:10
FNDA:4,constructor
FNDA:4,setDispatcher
FNDA:6,deposit
FNDA:4,withdraw
FNDA:2,withdrawProfit
FNDA:2,drainFunds
FNDA:207,getBalance
FNDA:296,getPrinciple
FNDA:60,getProfit
FNDA:4,getTargetAddress
FNDA:0,getToken
FNDA:0,getDispatcher
DA:25,4
DA:26,4
DA:27,4
DA:32,4
DA:37,6
DA:38,6
DA:39,6
DA:40,6
DA:43,0
DA:47,4
DA:48,0
DA:50,4
DA:51,4
DA:52,4
DA:56,2
DA:57,2
DA:58,0
DA:59,0
DA:61,2
DA:65,2
DA:66,2
DA:67,2
DA:68,2
DA:69,2
DA:70,2
DA:74,2
DA:75,2
DA:76,1
DA:78,2
DA:82,207
DA:86,296
DA:90,60
DA:91,60
DA:92,60
DA:93,60
DA:94,0
DA:96,60
DA:97,60
DA:98,60
DA:103,4
DA:107,0
DA:111,0
LF:42
LH:35
BRDA:37,1,0,6
BRDA:37,1,1,0
BRDA:38,2,0,6
BRDA:38,2,1,0
BRDA:47,3,0,0
BRDA:47,3,1,4
BRDA:57,4,0,0
BRDA:57,4,1,2
BRDA:66,5,0,2
BRDA:66,5,1,0
BRDA:68,6,0,2
BRDA:68,6,1,0
BRDA:75,7,0,1
BRDA:75,7,1,1
BRDA:93,8,0,0
BRDA:93,8,1,60
BRF:16
BRH:9
end_of_record
TN:
SF:/Users/will/Work/dForce/dip001/contracts/TargetHandler.sol
FN:15,add
FN:18,sub
FN:31,constructor
FN:37,setDispatcher
FN:43,deposit
FN:51,withdraw
FN:65,withdrawProfit
FN:72,drainFunds
FN:86,getBalance
FN:90,getPrinciple
FN:94,getProfit
FN:98,getTargetAddress
FN:102,getToken
FN:106,getDispatcher
FNF:14
FNH:0
FNDA:0,add
FNDA:0,sub
FNDA:0,constructor
FNDA:0,setDispatcher
FNDA:0,deposit
FNDA:0,withdraw
FNDA:0,withdrawProfit
FNDA:0,drainFunds
FNDA:0,getBalance
FNDA:0,getPrinciple
FNDA:0,getProfit
FNDA:0,getTargetAddress
FNDA:0,getToken
FNDA:0,getDispatcher
DA:16,0
DA:19,0
DA:32,0
DA:33,0
DA:34,0
DA:38,0
DA:39,0
DA:44,0
DA:45,0
DA:46,0
DA:47,0
DA:52,0
DA:55,0
DA:56,0
DA:57,0
DA:60,0
DA:61,0
DA:62,0
DA:66,0
DA:67,0
DA:68,0
DA:69,0
DA:73,0
DA:74,0
DA:75,0
DA:78,0
DA:79,0
DA:81,0
DA:82,0
DA:83,0
DA:87,0
DA:91,0
DA:95,0
DA:99,0
DA:103,0
DA:107,0
LF:36
LH:0
BRDA:16,1,0,0
BRDA:16,1,1,0
BRDA:19,2,0,0
BRDA:19,2,1,0
BRDA:52,3,0,0
BRDA:52,3,1,0
BRDA:56,4,0,0
BRDA:56,4,1,0
BRDA:73,5,0,0
BRDA:73,5,1,0
BRF:10
BRH:0
end_of_record
TN:
SF:/Users/will/Work/dForce/dip001/contracts/usdxSaver.sol
FN:19,add
FN:22,sub
FN:32,constructor
FN:36,deposit
FN:40,withdraw
FN:44,transferOut
FNF:6
FNH:3
FNDA:0,add
FNDA:0,sub
FNDA:2,constructor
FNDA:0,deposit
FNDA:4,withdraw
FNDA:14,transferOut
DA:20,0
DA:23,0
DA:33,2
DA:37,0
DA:41,4
DA:45,14
DA:46,14
LF:7
LH:4
BRDA:20,1,0,0
BRDA:20,1,1,0
BRDA:23,2,0,0
BRDA:23,2,1,0
BRDA:37,3,0,0
BRDA:37,3,1,0
BRDA:41,4,0,4
BRDA:41,4,1,0
BRDA:45,5,0,14
BRDA:45,5,1,0
BRF:10
BRH:2
end_of_record
