TN:
SF:/Users/will/Work/dForce/dip001/contracts/CompoundHandler/CompoundHandler.sol
FN:22,constructor
FN:28,setDispatcher
FN:33,deposit
FN:44,withdraw
FN:53,withdrawProfit
FN:64,drainFunds
FN:81,getBalance
FN:86,getPrinciple
FN:90,getProfit
FN:103,getTargetAddress
FN:107,getToken
FN:111,getDispatcher
FNF:12
FNH:10
FNDA:2,constructor
FNDA:2,setDispatcher
FNDA:9,deposit
FNDA:2,withdraw
FNDA:1,withdrawProfit
FNDA:4,drainFunds
FNDA:137,getBalance
FNDA:200,getPrinciple
FNDA:38,getProfit
FNDA:5,getTargetAddress
FNDA:0,getToken
FNDA:0,getDispatcher
DA:23,2
DA:24,2
DA:25,2
DA:29,2
DA:34,9
DA:35,9
DA:36,9
DA:37,9
DA:40,0
DA:45,2
DA:46,0
DA:48,2
DA:49,2
DA:50,2
DA:54,1
DA:55,1
DA:56,1
DA:57,0
DA:59,1
DA:61,1
DA:65,4
DA:66,4
DA:67,4
DA:68,4
DA:69,4
DA:70,4
DA:74,4
DA:75,4
DA:76,2
DA:78,4
DA:82,137
DA:83,137
DA:87,200
DA:91,38
DA:92,38
DA:93,38
DA:94,38
DA:95,0
DA:97,38
DA:98,38
DA:99,38
DA:104,5
DA:108,0
DA:112,0
LF:44
LH:38
BRDA:34,1,0,9
BRDA:34,1,1,0
BRDA:35,2,0,9
BRDA:35,2,1,0
BRDA:45,3,0,0
BRDA:45,3,1,2
BRDA:55,4,0,1
BRDA:55,4,1,0
BRDA:56,5,0,0
BRDA:56,5,1,1
BRDA:66,6,0,4
BRDA:66,6,1,0
BRDA:68,7,0,4
BRDA:68,7,1,0
BRDA:75,8,0,2
BRDA:75,8,1,2
BRDA:94,9,0,0
BRDA:94,9,1,38
BRF:18
BRH:10
end_of_record
TN:
SF:/Users/will/Work/dForce/dip001/contracts/Dispatcher.sol
FN:13,add
FN:16,sub
FN:19,mul
FN:41,constructor
FN:62,trigger
FN:84,internalDeposit
FN:116,withdrawPrinciple
FN:144,withdrawProfit
FN:155,drainFunds
FN:163,getReserve
FN:167,getReserveRatio
FN:177,getPrinciple
FN:184,getBalance
FN:191,getProfit
FN:195,getTHPrinciple
FN:199,getTHBalance
FN:203,getTHProfit
FN:207,getTHData
FN:212,getFund
FN:216,getToken
FN:220,getProfitBeneficiary
FN:224,getReserveUpperLimit
FN:228,getReserveLowerLimit
FN:232,getExecuteUnit
FN:236,getPropotion
FN:247,getTHCount
FN:251,getTHAddress
FN:255,getTargetAddress
FN:259,getTHStructures
FN:276,setAimedPropotion
FN:293,removeTargetHandler
FN:304,addTargetHandler
FN:315,setReserveUpperLimit
FN:321,setReserveLowerLimit
FN:327,setExecuteUnit
FN:332,setProfitBeneficiary
FNF:36
FNH:29
FNDA:527,add
FNDA:35,sub
FNDA:33,mul
FNDA:2,constructor
FNDA:19,trigger
FNDA:12,internalDeposit
FNDA:5,withdrawPrinciple
FNDA:7,withdrawProfit
FNDA:6,drainFunds
FNDA:127,getReserve
FNDA:54,getReserveRatio
FNDA:150,getPrinciple
FNDA:84,getBalance
FNDA:30,getProfit
FNDA:386,getTHPrinciple
FNDA:213,getTHBalance
FNDA:56,getTHProfit
FNDA:0,getTHData
FNDA:13,getFund
FNDA:0,getToken
FNDA:5,getProfitBeneficiary
FNDA:54,getReserveUpperLimit
FNDA:54,getReserveLowerLimit
FNDA:159,getExecuteUnit
FNDA:0,getPropotion
FNDA:0,getTHCount
FNDA:0,getTHAddress
FNDA:0,getTargetAddress
FNDA:54,getTHStructures
FNDA:10,setAimedPropotion
FNDA:14,removeTargetHandler
FNDA:7,addTargetHandler
FNDA:3,setReserveUpperLimit
FNDA:3,setReserveLowerLimit
FNDA:0,setExecuteUnit
FNDA:4,setProfitBeneficiary
DA:14,527
DA:17,35
DA:20,33
DA:42,2
DA:43,2
DA:44,2
DA:45,2
DA:46,2
DA:47,2
DA:48,2
DA:49,2
DA:51,2
DA:52,2
DA:53,2
DA:55,2
DA:58,2
DA:59,2
DA:63,19
DA:64,19
DA:65,19
DA:66,19
DA:67,19
DA:68,19
DA:69,12
DA:70,12
DA:71,12
DA:72,12
DA:75,5
DA:76,5
DA:77,5
DA:78,5
DA:81,19
DA:85,12
DA:86,12
DA:87,12
DA:88,12
DA:89,12
DA:90,12
DA:91,12
DA:92,12
DA:93,25
DA:94,25
DA:95,25
DA:96,25
DA:97,25
DA:98,25
DA:99,7
DA:101,18
DA:102,18
DA:103,8
DA:104,8
DA:106,10
DA:108,18
DA:109,16
DA:110,16
DA:117,5
DA:118,5
DA:119,5
DA:120,5
DA:121,5
DA:122,5
DA:123,5
DA:124,5
DA:125,8
DA:126,8
DA:127,8
DA:128,8
DA:129,8
DA:130,1
DA:132,7
DA:133,7
DA:134,1
DA:135,1
DA:137,6
DA:139,7
DA:145,7
DA:146,3
DA:147,3
DA:148,3
DA:149,4
DA:150,4
DA:152,3
DA:156,6
DA:157,6
DA:158,6
DA:159,6
DA:164,127
DA:168,54
DA:169,54
DA:170,54
DA:171,2
DA:173,52
DA:178,150
DA:179,150
DA:180,283
DA:185,84
DA:186,84
DA:187,157
DA:192,30
DA:196,386
DA:200,213
DA:204,56
DA:208,0
DA:209,0
DA:213,13
DA:217,0
DA:221,5
DA:225,54
DA:229,54
DA:233,159
DA:237,0
DA:238,0
DA:239,0
DA:240,0
DA:241,0
DA:242,0
DA:244,0
DA:248,0
DA:252,0
DA:256,0
DA:260,54
DA:261,54
DA:262,54
DA:263,54
DA:264,54
DA:266,54
DA:267,101
DA:268,101
DA:269,101
DA:270,101
DA:272,54
DA:277,10
DA:278,10
DA:279,10
DA:280,10
DA:281,10
DA:282,20
DA:284,10
DA:285,10
DA:286,20
DA:287,20
DA:288,20
DA:290,10
DA:294,14
DA:295,14
DA:296,14
DA:297,14
DA:298,14
DA:299,6
DA:300,6
DA:301,6
DA:305,7
DA:306,7
DA:307,7
DA:308,9
DA:309,9
DA:311,7
DA:312,7
DA:316,3
DA:317,3
DA:318,3
DA:322,3
DA:323,3
DA:324,3
DA:328,0
DA:329,0
DA:333,4
DA:334,4
LF:168
LH:153
BRDA:14,1,0,527
BRDA:14,1,1,0
BRDA:17,2,0,35
BRDA:17,2,1,0
BRDA:20,3,0,33
BRDA:20,3,1,0
BRDA:45,4,0,2
BRDA:45,4,1,0
BRDA:51,5,0,2
BRDA:51,5,1,0
BRDA:68,6,0,12
BRDA:68,6,1,7
BRDA:71,7,0,12
BRDA:71,7,1,0
BRDA:74,8,0,5
BRDA:74,8,1,2
BRDA:77,9,0,5
BRDA:77,9,1,0
BRDA:98,10,0,7
BRDA:98,10,1,18
BRDA:102,11,0,8
BRDA:102,11,1,10
BRDA:108,12,0,16
BRDA:108,12,1,2
BRDA:129,13,0,1
BRDA:129,13,1,7
BRDA:133,14,0,1
BRDA:133,14,1,6
BRDA:145,15,0,3
BRDA:145,15,1,4
BRDA:156,16,0,6
BRDA:156,16,1,0
BRDA:170,17,0,2
BRDA:170,17,1,52
BRDA:277,18,0,10
BRDA:277,18,1,0
BRDA:284,19,0,10
BRDA:284,19,1,0
BRDA:295,20,0,14
BRDA:295,20,1,0
BRDA:296,21,0,14
BRDA:296,21,1,0
BRDA:297,22,0,14
BRDA:297,22,1,0
BRDA:298,23,0,6
BRDA:298,23,1,8
BRDA:309,24,0,9
BRDA:309,24,1,0
BRDA:316,25,0,3
BRDA:316,25,1,0
BRDA:322,26,0,3
BRDA:322,26,1,0
BRF:52
BRH:36
end_of_record
TN:
SF:/Users/will/Work/dForce/dip001/contracts/DispatcherEntrance.sol
FN:10,onlySupportedPair
FN:15,registDispatcher
FN:19,trigger
FN:23,withdrawProfit
FN:27,getDispatcher
FN:31,getReserve
FN:35,getReserveRatio
FN:39,getPrinciple
FN:43,getBalance
FN:47,getProfit
FN:51,getTHPrinciple
FN:55,getTHBalance
FN:59,getTHProfit
FNF:13
FNH:0
FNDA:0,onlySupportedPair
FNDA:0,registDispatcher
FNDA:0,trigger
FNDA:0,withdrawProfit
FNDA:0,getDispatcher
FNDA:0,getReserve
FNDA:0,getReserveRatio
FNDA:0,getPrinciple
FNDA:0,getBalance
FNDA:0,getProfit
FNDA:0,getTHPrinciple
FNDA:0,getTHBalance
FNDA:0,getTHProfit
DA:11,0
DA:12,0
DA:16,0
DA:20,0
DA:24,0
DA:28,0
DA:32,0
DA:36,0
DA:40,0
DA:44,0
DA:48,0
DA:52,0
DA:56,0
DA:60,0
LF:14
LH:0
BRDA:11,1,0,0
BRDA:11,1,1,0
BRF:2
BRH:0
end_of_record
TN:
SF:/Users/will/Work/dForce/dip001/contracts/DSLibrary/DSAuth.sol
FN:33,constructor
FN:39,disableOwnership
FN:44,transferOwnership
FN:49,acceptOwnership
FN:57,setAuthority
FN:65,onlyOwner
FN:70,isOwner
FN:74,auth
FN:79,isAuthorized
FNF:9
FNH:6
FNDA:12,constructor
FNDA:0,disableOwnership
FNDA:0,transferOwnership
FNDA:0,acceptOwnership
FNDA:8,setAuthority
FNDA:8,onlyOwner
FNDA:8,isOwner
FNDA:107,auth
FNDA:107,isAuthorized
DA:34,12
DA:35,12
DA:40,0
DA:41,0
DA:45,0
DA:46,0
DA:50,0
DA:51,0
DA:52,0
DA:53,0
DA:61,8
DA:62,8
DA:66,8
DA:67,8
DA:71,8
DA:75,107
DA:76,107
DA:80,107
DA:81,0
DA:83,74
DA:85,0
DA:87,33
LF:22
LH:12
BRDA:45,1,0,0
BRDA:45,1,1,0
BRDA:50,2,0,0
BRDA:50,2,1,0
BRDA:66,3,0,8
BRDA:66,3,1,0
BRDA:75,4,0,107
BRDA:75,4,1,0
BRDA:80,5,0,0
BRDA:80,5,1,107
BRDA:82,6,0,74
BRDA:82,6,1,33
BRDA:84,7,0,0
BRDA:84,7,1,33
BRF:14
BRH:6
end_of_record
TN:
SF:/Users/will/Work/dForce/dip001/contracts/DSLibrary/DSGuard.sol
FN:41,canCall
FN:57,_permit
FN:62,_forbid
FN:67,permit
FN:70,permitx
FN:73,forbid
FN:76,forbidx
FNF:7
FNH:3
FNDA:33,canCall
FNDA:14,_permit
FNDA:0,_forbid
FNDA:0,permit
FNDA:14,permitx
FNDA:0,forbid
FNDA:0,forbidx
DA:44,33
DA:45,33
DA:47,33
DA:58,14
DA:59,14
DA:63,0
DA:64,0
DA:68,0
DA:71,14
DA:74,0
DA:77,0
LF:11
LH:6
BRF:0
BRH:0
end_of_record
TN:
SF:/Users/will/Work/dForce/dip001/contracts/DSLibrary/DSMath.sol
FN:19,add
FN:22,sub
FN:25,mul
FN:29,div
FN:34,min
FN:37,max
FN:56,wdiv
FN:94,pow
FNF:8
FNH:3
FNDA:109,add
FNDA:181,sub
FNDA:137,mul
FNDA:0,div
FNDA:0,min
FNDA:0,max
FNDA:0,wdiv
FNDA:0,pow
DA:20,109
DA:23,181
DA:26,137
DA:30,0
DA:31,0
DA:35,0
DA:38,0
DA:57,0
DA:95,0
DA:96,0
DA:99,0
DA:102,0
DA:105,0
DA:106,0
DA:107,0
DA:108,0
LF:16
LH:3
BRDA:20,1,0,109
BRDA:20,1,1,0
BRDA:23,2,0,181
BRDA:23,2,1,0
BRDA:26,3,0,137
BRDA:26,3,1,0
BRDA:30,4,0,0
BRDA:30,4,1,0
BRDA:95,5,0,0
BRDA:95,5,1,0
BRDA:98,6,0,0
BRDA:98,6,1,0
BRDA:101,7,0,0
BRDA:101,7,1,0
BRF:14
BRH:3
end_of_record
TN:
SF:/Users/will/Work/dForce/dip001/contracts/DSLibrary/DSToken.sol
FN:27,constructor
FN:32,setOwner
FN:41,setAuthority
FN:49,auth
FN:54,onlyOwner
FN:59,isOwner
FN:63,isAuthorized
FN:88,note
FN:108,stoppable
FN:112,stop
FN:115,start
FN:140,constructor
FN:144,totalSupply
FN:147,balanceOf
FN:150,allowance
FN:154,transfer
FN:158,transferFrom
FN:176,approve
FN:191,getDecimals
FN:195,constructor
FN:199,setName
FN:203,approvex
FN:207,approve
FN:212,transferFrom
FN:231,mint
FN:235,burn
FN:239,_mint
FN:247,_burn
FNF:28
FNH:11
FNDA:2,constructor
FNDA:0,setOwner
FNDA:0,setAuthority
FNDA:0,auth
FNDA:0,onlyOwner
FNDA:0,isOwner
FNDA:0,isAuthorized
FNDA:0,note
FNDA:87,stoppable
FNDA:0,stop
FNDA:0,start
FNDA:2,constructor
FNDA:0,totalSupply
FNDA:209,balanceOf
FNDA:0,allowance
FNDA:53,transfer
FNDA:0,transferFrom
FNDA:6,approve
FNDA:0,getDecimals
FNDA:2,constructor
FNDA:0,setName
FNDA:0,approvex
FNDA:6,approve
FNDA:69,transferFrom
FNDA:12,mint
FNDA:0,burn
FNDA:12,_mint
FNDA:0,_burn
DA:28,2
DA:29,2
DA:36,0
DA:37,0
DA:38,0
DA:45,0
DA:46,0
DA:50,0
DA:51,0
DA:55,0
DA:56,0
DA:60,0
DA:64,0
DA:65,0
DA:67,0
DA:69,0
DA:71,0
DA:73,0
DA:89,0
DA:90,0
DA:91,0
DA:93,0
DA:99,0
DA:101,0
DA:109,87
DA:110,87
DA:113,0
DA:116,0
DA:141,2
DA:145,0
DA:148,209
DA:151,0
DA:155,53
DA:162,0
DA:163,0
DA:164,0
DA:167,0
DA:168,0
DA:169,0
DA:171,0
DA:173,0
DA:177,6
DA:179,6
DA:181,6
DA:192,0
DA:196,2
DA:200,0
DA:204,0
DA:208,6
DA:209,6
DA:217,69
DA:218,0
DA:219,0
DA:222,69
DA:223,69
DA:224,69
DA:226,69
DA:228,69
DA:232,12
DA:236,0
DA:240,12
DA:242,12
DA:243,12
DA:244,12
DA:248,0
DA:249,0
DA:251,0
DA:252,0
DA:253,0
DA:256,0
DA:257,0
DA:258,0
LF:72
LH:24
BRDA:36,1,0,0
BRDA:36,1,1,0
BRDA:50,2,0,0
BRDA:50,2,1,0
BRDA:55,3,0,0
BRDA:55,3,1,0
BRDA:64,4,0,0
BRDA:64,4,1,0
BRDA:66,5,0,0
BRDA:66,5,1,0
BRDA:68,6,0,0
BRDA:68,6,1,0
BRDA:70,7,0,0
BRDA:70,7,1,0
BRDA:109,8,0,87
BRDA:109,8,1,0
BRDA:162,9,0,0
BRDA:162,9,1,0
BRDA:163,10,0,0
BRDA:163,10,1,0
BRDA:167,11,0,0
BRDA:167,11,1,0
BRDA:208,12,0,6
BRDA:208,12,1,0
BRDA:217,13,0,0
BRDA:217,13,1,69
BRDA:218,14,0,0
BRDA:218,14,1,0
BRDA:222,15,0,69
BRDA:222,15,1,0
BRDA:240,16,0,12
BRDA:240,16,1,0
BRDA:248,17,0,0
BRDA:248,17,1,0
BRDA:249,18,0,0
BRDA:249,18,1,0
BRDA:251,19,0,0
BRDA:251,19,1,0
BRDA:252,20,0,0
BRDA:252,20,1,0
BRF:40
BRH:5
end_of_record
TN:
SF:/Users/will/Work/dForce/dip001/contracts/FakeCompound.sol
FN:22,constructor
FN:26,mint
FN:32,redeemUnderlying
FN:39,makeProfitToUser
FN:43,exchangeRateStored
FN:47,balanceOf
FNF:6
FNH:6
FNDA:2,constructor
FNDA:9,mint
FNDA:7,redeemUnderlying
FNDA:30,makeProfitToUser
FNDA:137,exchangeRateStored
FNDA:137,balanceOf
DA:23,2
DA:27,9
DA:28,9
DA:29,9
DA:33,7
DA:34,7
DA:35,7
DA:36,7
DA:40,30
DA:44,137
DA:48,137
LF:11
LH:11
BRDA:27,1,0,9
BRDA:27,1,1,0
BRDA:33,2,0,7
BRDA:33,2,1,0
BRDA:35,3,0,7
BRDA:35,3,1,0
BRF:6
BRH:3
end_of_record
TN:
SF:/Users/will/Work/dForce/dip001/contracts/FakeDeFi.sol
FN:16,constructor
FN:20,deposit
FN:25,withdraw
FN:31,makeProfitToUser
FN:35,getBalance
FNF:5
FNH:0
FNDA:0,constructor
FNDA:0,deposit
FNDA:0,withdraw
FNDA:0,makeProfitToUser
FNDA:0,getBalance
DA:17,0
DA:21,0
DA:22,0
DA:26,0
DA:27,0
DA:28,0
DA:32,0
DA:36,0
LF:8
LH:0
BRDA:21,1,0,0
BRDA:21,1,1,0
BRDA:26,2,0,0
BRDA:26,2,1,0
BRDA:28,3,0,0
BRDA:28,3,1,0
BRF:6
BRH:0
end_of_record
TN:
SF:/Users/will/Work/dForce/dip001/contracts/FakeDispatcher.sol
FN:11,setFund
FN:15,setProfitB
FN:19,getFund
FN:23,getProfitBeneficiary
FN:27,callWithdraw
FNF:5
FNH:0
FNDA:0,setFund
FNDA:0,setProfitB
FNDA:0,getFund
FNDA:0,getProfitBeneficiary
FNDA:0,callWithdraw
DA:12,0
DA:16,0
DA:20,0
DA:24,0
DA:28,0
LF:5
LH:0
BRF:0
BRH:0
end_of_record
TN:
SF:/Users/will/Work/dForce/dip001/contracts/FakeLendFMe.sol
FN:22,constructor
FN:26,supply
FN:32,withdraw
FN:39,makeProfitToUser
FN:46,getSupplyBalance
FNF:5
FNH:5
FNDA:2,constructor
FNDA:7,supply
FNDA:8,withdraw
FNDA:60,makeProfitToUser
FNDA:232,getSupplyBalance
DA:23,2
DA:27,7
DA:28,7
DA:29,7
DA:33,8
DA:34,8
DA:35,8
DA:36,8
DA:40,60
DA:41,32
DA:43,28
DA:47,232
LF:12
LH:12
BRDA:27,1,0,7
BRDA:27,1,1,0
BRDA:33,2,0,8
BRDA:33,2,1,0
BRDA:35,3,0,8
BRDA:35,3,1,0
BRDA:40,4,0,32
BRDA:40,4,1,28
BRF:8
BRH:5
end_of_record
TN:
SF:/Users/will/Work/dForce/dip001/contracts/interface/IDispatcher.sol
FNF:0
FNH:0
LF:0
LH:0
BRF:0
BRH:0
end_of_record
TN:
SF:/Users/will/Work/dForce/dip001/contracts/interface/IDispatcherEntrance.sol
FNF:0
FNH:0
LF:0
LH:0
BRF:0
BRH:0
end_of_record
TN:
SF:/Users/will/Work/dForce/dip001/contracts/interface/IERC20.sol
FNF:0
FNH:0
LF:0
LH:0
BRF:0
BRH:0
end_of_record
TN:
SF:/Users/will/Work/dForce/dip001/contracts/interface/ITargetHandler.sol
FNF:0
FNH:0
LF:0
LH:0
BRF:0
BRH:0
end_of_record
TN:
SF:/Users/will/Work/dForce/dip001/contracts/lendFMeHandler/lendFMeHandler.sol
FN:24,constructor
FN:31,setDispatcher
FN:36,deposit
FN:46,withdraw
FN:55,withdrawProfit
FN:64,drainFunds
FN:81,getBalance
FN:85,getPrinciple
FN:89,getProfit
FN:102,getTargetAddress
FN:106,getToken
FN:110,getDispatcher
FNF:12
FNH:10
FNDA:4,constructor
FNDA:4,setDispatcher
FNDA:7,deposit
FNDA:5,withdraw
FNDA:3,withdrawProfit
FNDA:2,drainFunds
FNDA:232,getBalance
FNDA:336,getPrinciple
FNDA:67,getProfit
FNDA:4,getTargetAddress
FNDA:0,getToken
FNDA:0,getDispatcher
DA:25,4
DA:26,4
DA:27,4
DA:32,4
DA:37,7
DA:38,7
DA:39,7
DA:40,7
DA:43,0
DA:47,5
DA:48,0
DA:50,5
DA:51,5
DA:52,5
DA:56,3
DA:57,3
DA:58,1
DA:59,1
DA:61,2
DA:65,2
DA:66,2
DA:67,2
DA:68,2
DA:69,2
DA:70,2
DA:74,2
DA:75,2
DA:76,1
DA:78,2
DA:82,232
DA:86,336
DA:90,67
DA:91,67
DA:92,67
DA:93,67
DA:94,0
DA:96,67
DA:97,67
DA:98,67
DA:103,4
DA:107,0
DA:111,0
LF:42
LH:37
BRDA:37,1,0,7
BRDA:37,1,1,0
BRDA:38,2,0,7
BRDA:38,2,1,0
BRDA:47,3,0,0
BRDA:47,3,1,5
BRDA:57,4,0,1
BRDA:57,4,1,2
BRDA:66,5,0,2
BRDA:66,5,1,0
BRDA:68,6,0,2
BRDA:68,6,1,0
BRDA:75,7,0,1
BRDA:75,7,1,1
BRDA:93,8,0,0
BRDA:93,8,1,67
BRF:16
BRH:10
end_of_record
TN:
SF:/Users/will/Work/dForce/dip001/contracts/TargetHandler.sol
FN:15,add
FN:18,sub
FN:31,constructor
FN:37,setDispatcher
FN:43,deposit
FN:51,withdraw
FN:65,withdrawProfit
FN:72,drainFunds
FN:86,getBalance
FN:90,getPrinciple
FN:94,getProfit
FN:98,getTargetAddress
FN:102,getToken
FN:106,getDispatcher
FNF:14
FNH:0
FNDA:0,add
FNDA:0,sub
FNDA:0,constructor
FNDA:0,setDispatcher
FNDA:0,deposit
FNDA:0,withdraw
FNDA:0,withdrawProfit
FNDA:0,drainFunds
FNDA:0,getBalance
FNDA:0,getPrinciple
FNDA:0,getProfit
FNDA:0,getTargetAddress
FNDA:0,getToken
FNDA:0,getDispatcher
DA:16,0
DA:19,0
DA:32,0
DA:33,0
DA:34,0
DA:38,0
DA:39,0
DA:44,0
DA:45,0
DA:46,0
DA:47,0
DA:52,0
DA:55,0
DA:56,0
DA:57,0
DA:60,0
DA:61,0
DA:62,0
DA:66,0
DA:67,0
DA:68,0
DA:69,0
DA:73,0
DA:74,0
DA:75,0
DA:78,0
DA:79,0
DA:81,0
DA:82,0
DA:83,0
DA:87,0
DA:91,0
DA:95,0
DA:99,0
DA:103,0
DA:107,0
LF:36
LH:0
BRDA:16,1,0,0
BRDA:16,1,1,0
BRDA:19,2,0,0
BRDA:19,2,1,0
BRDA:52,3,0,0
BRDA:52,3,1,0
BRDA:56,4,0,0
BRDA:56,4,1,0
BRDA:73,5,0,0
BRDA:73,5,1,0
BRF:10
BRH:0
end_of_record
TN:
SF:/Users/will/Work/dForce/dip001/contracts/usdxSaver.sol
FN:19,add
FN:22,sub
FN:32,constructor
FN:36,deposit
FN:40,withdraw
FN:44,transferOut
FNF:6
FNH:3
FNDA:0,add
FNDA:0,sub
FNDA:2,constructor
FNDA:0,deposit
FNDA:4,withdraw
FNDA:16,transferOut
DA:20,0
DA:23,0
DA:33,2
DA:37,0
DA:41,4
DA:45,16
DA:46,16
LF:7
LH:4
BRDA:20,1,0,0
BRDA:20,1,1,0
BRDA:23,2,0,0
BRDA:23,2,1,0
BRDA:37,3,0,0
BRDA:37,3,1,0
BRDA:41,4,0,4
BRDA:41,4,1,0
BRDA:45,5,0,16
BRDA:45,5,1,0
BRF:10
BRH:2
end_of_record
